19:49:16,334  {JavaFX Application Thread} [TRACE] app.controller.AlgorithmController - Committing changes, new value app.model.DesignParadigm@278
19:49:16,336  {JavaFX Application Thread} [TRACE] app.service.AlgorithmServiceImpl - Updating design paradigm app.model.DesignParadigm@278, new name is Greedy strategy
19:49:16,342  {JavaFX Application Thread} [INFO] app.dao.ParadigmDaoImpl - com.mysql.jdbc.JDBC4PreparedStatement@69516056: UPDATE design_paradigm SET paradigm = 'Greedy strategy' WHERE paradigm_id = 3
19:51:31,073  {JavaFX Application Thread} [TRACE] app.controller.AlgorithmController - Committing changes, new value app.model.DesignParadigm@278
19:51:31,075  {JavaFX Application Thread} [TRACE] app.service.AlgorithmServiceImpl - Updating design paradigm app.model.DesignParadigm@278, new name is Greedy strategyy
19:51:31,082  {JavaFX Application Thread} [INFO] app.dao.ParadigmDaoImpl - com.mysql.jdbc.JDBC4PreparedStatement@63c058c5: UPDATE design_paradigm SET paradigm = 'Greedy strategyy' WHERE paradigm_id = 3
19:51:41,257  {JavaFX Application Thread} [TRACE] app.controller.AlgorithmController - Committing changes, new value app.model.DesignParadigm@278
19:51:41,258  {JavaFX Application Thread} [TRACE] app.service.AlgorithmServiceImpl - Updating design paradigm app.model.DesignParadigm@278, new name is Greedy strategy
19:51:41,258  {JavaFX Application Thread} [INFO] app.dao.ParadigmDaoImpl - com.mysql.jdbc.JDBC4PreparedStatement@63c058c5: UPDATE design_paradigm SET paradigm = 'Greedy strategy' WHERE paradigm_id = 3
20:12:14,805  {JavaFX Application Thread} [TRACE] app.dao.AlgorithmDaoImpl - UPDATE algorithm SET algorithm = 'Kruskal\'s algorithmmmm' WHERE algorithm_id = 1
20:14:17,870  {JavaFX Application Thread} [TRACE] app.dao.AlgorithmDaoImpl - UPDATE algorithm SET algorithm = 'Kruskal\'s algorithm' WHERE algorithm_id = 1
20:14:21,950  {JavaFX Application Thread} [TRACE] app.dao.AlgorithmDaoImpl - UPDATE algorithm SET complexity = 'O(E*α(V))))))' WHERE algorithm_id = 1
20:14:30,958  {JavaFX Application Thread} [TRACE] app.dao.AlgorithmDaoImpl - UPDATE algorithm SET complexity = 'O(E*α(V))' WHERE algorithm_id = 1
12:15:04,930 [INFO] {JavaFX Application Thread} ClassPathXmlApplicationContext --- Refreshing org.springframework.context.support.ClassPathXmlApplicationContext@4c702fee: startup date [Thu Feb 15 12:15:04 EET 2018]; root of context hierarchy
12:15:05,000 [INFO] {JavaFX Application Thread} XmlBeanDefinitionReader --- Loading XML bean definitions from class path resource [META-INF/beans.xml]
13:27:39,679 [DEBUG] {JavaFX Application Thread} TextbookDaoImpl --- 
    : SELECT
        book_id,
        title,
        volume,
        edition,
        author_id,
        first_name,
        last_name 
    FROM
        ((book     
    INNER JOIN
        textbook 
            ON book_id = txtbk_book_id
        )     
INNER JOIN
    author 
        ON txtbk_author_id = author_id
    ) 
ORDER BY
book_id,
author_i
13:27:39,685 [DEBUG] {JavaFX Application Thread} AlgorithmDaoImpl --- 
    : SELECT
        algorithm_id,
        algorithm,
        complexity,
        paradigm_id,
        paradigm,
        dp.description,
        field_id,
        field,
        fos.description 
    FROM
        ((algorithm     
    INNER JOIN
        design_paradigm as dp 
            ON algo_paradigm_id = paradigm_id
        )     
INNER JOIN
    field_of_study as fos 
        ON algo_field_id = field_id
13:27:39,687 [DEBUG] {JavaFX Application Thread} ParadigmDaoImpl --- 
    : SELECT
        * 
    FROM
        design_paradig
13:27:39,687 [DEBUG] {JavaFX Application Thread} FieldDaoImpl --- 
    : SELECT
        * 
    FROM
        field_of_stud
13:55:16,679 [DEBUG] {JavaFX Application Thread} TextbookDaoImpl --- 
    SELECT
        book_id,
        title,
        volume,
        edition,
        author_id,
        first_name,
        last_name 
    FROM
        ((book     
    INNER JOIN
        textbook 
            ON book_id = txtbk_book_id
        )     
INNER JOIN
    author 
        ON txtbk_author_id = author_id
    ) 
ORDER BY
book_id,
author_id
13:55:16,686 [DEBUG] {JavaFX Application Thread} AlgorithmDaoImpl --- 
    SELECT
        algorithm_id,
        algorithm,
        complexity,
        paradigm_id,
        paradigm,
        dp.description,
        field_id,
        field,
        fos.description 
    FROM
        ((algorithm     
    INNER JOIN
        design_paradigm as dp 
            ON algo_paradigm_id = paradigm_id
        )     
INNER JOIN
    field_of_study as fos 
        ON algo_field_id = field_id
    )
13:55:16,688 [DEBUG] {JavaFX Application Thread} ParadigmDaoImpl --- 
    SELECT
        * 
    FROM
        design_paradigm
13:55:16,689 [DEBUG] {JavaFX Application Thread} FieldDaoImpl --- 
    SELECT
        * 
    FROM
        field_of_study
13:55:50,967 [TRACE] {JavaFX Application Thread} AlgorithmController --- Committing changes, new value app.model.DesignParadigm@278
13:55:50,969 [TRACE] {JavaFX Application Thread} AlgorithmServiceImpl --- Updating design paradigm app.model.DesignParadigm@278, new name is Greedy strategyy
13:55:50,977 [DEBUG] {JavaFX Application Thread} ParadigmDaoImpl --- 
    UPDATE
        design_paradigm 
    SET
        paradigm = 'Greedy strategyy' 
    WHERE
        paradigm_id = 3
13:55:56,689 [TRACE] {JavaFX Application Thread} AlgorithmController --- Committing changes, new value app.model.DesignParadigm@278
13:55:56,689 [TRACE] {JavaFX Application Thread} AlgorithmServiceImpl --- Updating design paradigm app.model.DesignParadigm@278, new name is Greedy strategy
13:55:56,690 [DEBUG] {JavaFX Application Thread} ParadigmDaoImpl --- 
    UPDATE
        design_paradigm 
    SET
        paradigm = 'Greedy strategy' 
    WHERE
        paradigm_id = 3
13:56:02,564 [DEBUG] {JavaFX Application Thread} AlgorithmDaoImpl --- 
    SELECT
        algorithm_id,
        algorithm,
        complexity,
        paradigm_id,
        paradigm,
        dp.description,
        field_id,
        field,
        fos.description 
    FROM
        ((algorithm     
    INNER JOIN
        design_paradigm as dp 
            ON algo_paradigm_id = paradigm_id
        )     
INNER JOIN
    field_of_study as fos 
        ON algo_field_id = field_id
    ) 
WHERE
1 = 1 
AND paradigm_id = 1
13:56:04,330 [DEBUG] {JavaFX Application Thread} ParadigmDaoImpl --- 
    SELECT
        * 
    FROM
        design_paradigm 
    WHERE
        paradigm_id = 1
13:56:54,101 [DEBUG] {JavaFX Application Thread} AlgorithmDaoImpl --- 
    SELECT
        algorithm_id,
        algorithm,
        complexity,
        paradigm_id,
        paradigm,
        dp.description,
        field_id,
        field,
        fos.description 
    FROM
        ((algorithm     
    INNER JOIN
        design_paradigm as dp 
            ON algo_paradigm_id = paradigm_id
        )     
INNER JOIN
    field_of_study as fos 
        ON algo_field_id = field_id
    ) 
WHERE
1 = 1 
AND paradigm_id = 1
13:57:08,765 [DEBUG] {JavaFX Application Thread} TextbookDaoImpl --- 
    SELECT
        book_id,
        title,
        volume,
        edition,
        author_id,
        first_name,
        last_name 
    FROM
        ((book     
    INNER JOIN
        textbook 
            ON book_id = txtbk_book_id
        )     
INNER JOIN
    author 
        ON txtbk_author_id = author_id
    ) 
ORDER BY
book_id,
author_id
13:57:08,773 [DEBUG] {JavaFX Application Thread} AlgorithmDaoImpl --- 
    SELECT
        algorithm_id,
        algorithm,
        complexity,
        paradigm_id,
        paradigm,
        dp.description,
        field_id,
        field,
        fos.description 
    FROM
        ((algorithm     
    INNER JOIN
        design_paradigm as dp 
            ON algo_paradigm_id = paradigm_id
        )     
INNER JOIN
    field_of_study as fos 
        ON algo_field_id = field_id
    )
13:57:08,774 [DEBUG] {JavaFX Application Thread} ParadigmDaoImpl --- 
    SELECT
        * 
    FROM
        design_paradigm
13:57:08,775 [DEBUG] {JavaFX Application Thread} FieldDaoImpl --- 
    SELECT
        * 
    FROM
        field_of_study
13:57:11,464 [DEBUG] {JavaFX Application Thread} AlgorithmDaoImpl --- 
    SELECT
        algorithm_id,
        algorithm,
        complexity,
        paradigm_id,
        paradigm,
        dp.description,
        field_id,
        field,
        fos.description 
    FROM
        ((algorithm     
    INNER JOIN
        design_paradigm as dp 
            ON algo_paradigm_id = paradigm_id
        )     
INNER JOIN
    field_of_study as fos 
        ON algo_field_id = field_id
    ) 
WHERE
1 = 1 
AND paradigm_id = 1
13:57:19,149 [DEBUG] {JavaFX Application Thread} AlgorithmDaoImpl --- 
    SELECT
        algorithm_id,
        algorithm,
        complexity,
        paradigm_id,
        paradigm,
        dp.description,
        field_id,
        field,
        fos.description 
    FROM
        ((algorithm     
    INNER JOIN
        design_paradigm as dp 
            ON algo_paradigm_id = paradigm_id
        )     
INNER JOIN
    field_of_study as fos 
        ON algo_field_id = field_id
    ) 
WHERE
1 = 1 
AND paradigm_id = 1 
AND field_id = 5
14:38:46,582 [DEBUG] {JavaFX Application Thread} TextbookDaoImpl --- 
    SELECT
        book_id,
        title,
        volume,
        edition,
        author_id,
        first_name,
        last_name 
    FROM
        ((book     
    INNER JOIN
        textbook 
            ON book_id = txtbk_book_id
        )     
INNER JOIN
    author 
        ON txtbk_author_id = author_id
    ) 
ORDER BY
book_id,
author_id
14:38:46,640 [DEBUG] {JavaFX Application Thread} AlgorithmDaoImpl --- 
    SELECT
        algorithm_id,
        algorithm,
        complexity,
        paradigm_id,
        paradigm,
        dp.description,
        field_id,
        field,
        fos.description 
    FROM
        ((algorithm     
    INNER JOIN
        design_paradigm as dp 
            ON algo_paradigm_id = paradigm_id
        )     
INNER JOIN
    field_of_study as fos 
        ON algo_field_id = field_id
    )
14:38:46,642 [DEBUG] {JavaFX Application Thread} ParadigmDaoImpl --- 
    SELECT
        * 
    FROM
        design_paradigm
14:38:46,642 [DEBUG] {JavaFX Application Thread} FieldDaoImpl --- 
    SELECT
        * 
    FROM
        field_of_study
14:39:43,436 [DEBUG] {JavaFX Application Thread} TextbookDaoImpl --- 
    SELECT
        book_id,
        title,
        volume,
        edition,
        author_id,
        first_name,
        last_name 
    FROM
        ((book     
    INNER JOIN
        textbook 
            ON book_id = txtbk_book_id
        )     
INNER JOIN
    author 
        ON txtbk_author_id = author_id
    ) 
ORDER BY
book_id,
author_id
14:39:43,495 [DEBUG] {JavaFX Application Thread} AlgorithmDaoImpl --- 
    SELECT
        algorithm_id,
        algorithm,
        complexity,
        paradigm_id,
        paradigm,
        dp.description,
        field_id,
        field,
        fos.description 
    FROM
        ((algorithm     
    INNER JOIN
        design_paradigm as dp 
            ON algo_paradigm_id = paradigm_id
        )     
INNER JOIN
    field_of_study as fos 
        ON algo_field_id = field_id
    )
14:39:43,496 [DEBUG] {JavaFX Application Thread} ParadigmDaoImpl --- 
    SELECT
        * 
    FROM
        design_paradigm
14:39:43,497 [DEBUG] {JavaFX Application Thread} FieldDaoImpl --- 
    SELECT
        * 
    FROM
        field_of_study
14:47:59,145 [DEBUG] {JavaFX Application Thread} TextbookDaoImpl --- 
    SELECT
        book_id,
        title,
        volume,
        edition,
        author_id,
        first_name,
        last_name 
    FROM
        ((book     
    INNER JOIN
        textbook 
            ON book_id = txtbk_book_id
        )     
INNER JOIN
    author 
        ON txtbk_author_id = author_id
    ) 
ORDER BY
book_id,
author_id
14:47:59,228 [DEBUG] {JavaFX Application Thread} AlgorithmDaoImpl --- 
    SELECT
        algorithm_id,
        algorithm,
        complexity,
        paradigm_id,
        paradigm,
        dp.description,
        field_id,
        field,
        fos.description 
    FROM
        ((algorithm     
    INNER JOIN
        design_paradigm as dp 
            ON algo_paradigm_id = paradigm_id
        )     
INNER JOIN
    field_of_study as fos 
        ON algo_field_id = field_id
    )
14:47:59,230 [DEBUG] {JavaFX Application Thread} ParadigmDaoImpl --- 
    SELECT
        * 
    FROM
        design_paradigm
14:47:59,231 [DEBUG] {JavaFX Application Thread} FieldDaoImpl --- 
    SELECT
        * 
    FROM
        field_of_study
14:53:53,985 [DEBUG] {JavaFX Application Thread} TextbookDaoImpl --- 
    SELECT
        book_id,
        title,
        volume,
        edition,
        author_id,
        first_name,
        last_name 
    FROM
        ((book     
    INNER JOIN
        textbook 
            ON book_id = txtbk_book_id
        )     
INNER JOIN
    author 
        ON txtbk_author_id = author_id
    ) 
ORDER BY
book_id,
author_id
14:54:30,861 [DEBUG] {JavaFX Application Thread} TextbookDaoImpl --- 
    SELECT
        book_id,
        title,
        volume,
        edition,
        author_id,
        first_name,
        last_name 
    FROM
        ((book     
    INNER JOIN
        textbook 
            ON book_id = txtbk_book_id
        )     
INNER JOIN
    author 
        ON txtbk_author_id = author_id
    ) 
ORDER BY
book_id,
author_id
14:54:30,951 [DEBUG] {JavaFX Application Thread} AlgorithmDaoImpl --- 
    SELECT
        algorithm_id,
        algorithm,
        complexity,
        paradigm_id,
        paradigm,
        dp.description,
        field_id,
        field,
        fos.description 
    FROM
        ((algorithm     
    INNER JOIN
        design_paradigm as dp 
            ON algo_paradigm_id = paradigm_id
        )     
INNER JOIN
    field_of_study as fos 
        ON algo_field_id = field_id
    )
14:54:30,952 [DEBUG] {JavaFX Application Thread} ParadigmDaoImpl --- 
    SELECT
        * 
    FROM
        design_paradigm
14:54:30,953 [DEBUG] {JavaFX Application Thread} FieldDaoImpl --- 
    SELECT
        * 
    FROM
        field_of_study
16:04:09,936 [DEBUG] {JavaFX Application Thread} TextbookDaoImpl --- 
    SELECT
        book_id,
        title,
        volume,
        edition,
        author_id,
        first_name,
        last_name 
    FROM
        ((book     
    INNER JOIN
        textbook 
            ON book_id = txtbk_book_id
        )     
INNER JOIN
    author 
        ON txtbk_author_id = author_id
    ) 
ORDER BY
book_id,
author_id
16:04:10,025 [DEBUG] {JavaFX Application Thread} AlgorithmDaoImpl --- 
    SELECT
        algorithm_id,
        algorithm,
        complexity,
        paradigm_id,
        paradigm,
        dp.description,
        field_id,
        field,
        fos.description 
    FROM
        ((algorithm     
    INNER JOIN
        design_paradigm as dp 
            ON algo_paradigm_id = paradigm_id
        )     
INNER JOIN
    field_of_study as fos 
        ON algo_field_id = field_id
    )
16:04:10,027 [DEBUG] {JavaFX Application Thread} ParadigmDaoImpl --- 
    SELECT
        * 
    FROM
        design_paradigm
16:04:10,027 [DEBUG] {JavaFX Application Thread} FieldDaoImpl --- 
    SELECT
        * 
    FROM
        field_of_study
16:04:42,176 [DEBUG] {JavaFX Application Thread} TextbookDaoImpl --- 
    SELECT
        book_id,
        title,
        volume,
        edition,
        author_id,
        first_name,
        last_name 
    FROM
        ((book     
    INNER JOIN
        textbook 
            ON book_id = txtbk_book_id
        )     
INNER JOIN
    author 
        ON txtbk_author_id = author_id
    ) 
ORDER BY
book_id,
author_id
16:04:42,265 [DEBUG] {JavaFX Application Thread} AlgorithmDaoImpl --- 
    SELECT
        algorithm_id,
        algorithm,
        complexity,
        paradigm_id,
        paradigm,
        dp.description,
        field_id,
        field,
        fos.description 
    FROM
        ((algorithm     
    INNER JOIN
        design_paradigm as dp 
            ON algo_paradigm_id = paradigm_id
        )     
INNER JOIN
    field_of_study as fos 
        ON algo_field_id = field_id
    )
16:04:42,267 [DEBUG] {JavaFX Application Thread} ParadigmDaoImpl --- 
    SELECT
        * 
    FROM
        design_paradigm
16:04:42,267 [DEBUG] {JavaFX Application Thread} FieldDaoImpl --- 
    SELECT
        * 
    FROM
        field_of_study
16:05:09,080 [DEBUG] {JavaFX Application Thread} TextbookDaoImpl --- 
    SELECT
        book_id,
        title,
        volume,
        edition,
        author_id,
        first_name,
        last_name 
    FROM
        ((book     
    INNER JOIN
        textbook 
            ON book_id = txtbk_book_id
        )     
INNER JOIN
    author 
        ON txtbk_author_id = author_id
    ) 
ORDER BY
book_id,
author_id
16:05:09,190 [DEBUG] {JavaFX Application Thread} AlgorithmDaoImpl --- 
    SELECT
        algorithm_id,
        algorithm,
        complexity,
        paradigm_id,
        paradigm,
        dp.description,
        field_id,
        field,
        fos.description 
    FROM
        ((algorithm     
    INNER JOIN
        design_paradigm as dp 
            ON algo_paradigm_id = paradigm_id
        )     
INNER JOIN
    field_of_study as fos 
        ON algo_field_id = field_id
    )
16:05:09,192 [DEBUG] {JavaFX Application Thread} ParadigmDaoImpl --- 
    SELECT
        * 
    FROM
        design_paradigm
16:05:09,192 [DEBUG] {JavaFX Application Thread} FieldDaoImpl --- 
    SELECT
        * 
    FROM
        field_of_study
16:06:51,409 [DEBUG] {JavaFX Application Thread} TextbookDaoImpl --- 
    SELECT
        book_id,
        title,
        volume,
        edition,
        author_id,
        first_name,
        last_name 
    FROM
        ((book     
    INNER JOIN
        textbook 
            ON book_id = txtbk_book_id
        )     
INNER JOIN
    author 
        ON txtbk_author_id = author_id
    ) 
ORDER BY
book_id,
author_id
16:06:51,501 [DEBUG] {JavaFX Application Thread} AlgorithmDaoImpl --- 
    SELECT
        algorithm_id,
        algorithm,
        complexity,
        paradigm_id,
        paradigm,
        dp.description,
        field_id,
        field,
        fos.description 
    FROM
        ((algorithm     
    INNER JOIN
        design_paradigm as dp 
            ON algo_paradigm_id = paradigm_id
        )     
INNER JOIN
    field_of_study as fos 
        ON algo_field_id = field_id
    )
16:06:51,503 [DEBUG] {JavaFX Application Thread} ParadigmDaoImpl --- 
    SELECT
        * 
    FROM
        design_paradigm
16:06:51,503 [DEBUG] {JavaFX Application Thread} FieldDaoImpl --- 
    SELECT
        * 
    FROM
        field_of_study
16:07:13,069 [DEBUG] {JavaFX Application Thread} TextbookDaoImpl --- 
    SELECT
        book_id,
        title,
        volume,
        edition,
        author_id,
        first_name,
        last_name 
    FROM
        ((book     
    INNER JOIN
        textbook 
            ON book_id = txtbk_book_id
        )     
INNER JOIN
    author 
        ON txtbk_author_id = author_id
    ) 
ORDER BY
book_id,
author_id
16:07:13,163 [DEBUG] {JavaFX Application Thread} AlgorithmDaoImpl --- 
    SELECT
        algorithm_id,
        algorithm,
        complexity,
        paradigm_id,
        paradigm,
        dp.description,
        field_id,
        field,
        fos.description 
    FROM
        ((algorithm     
    INNER JOIN
        design_paradigm as dp 
            ON algo_paradigm_id = paradigm_id
        )     
INNER JOIN
    field_of_study as fos 
        ON algo_field_id = field_id
    )
16:07:13,165 [DEBUG] {JavaFX Application Thread} ParadigmDaoImpl --- 
    SELECT
        * 
    FROM
        design_paradigm
16:07:13,165 [DEBUG] {JavaFX Application Thread} FieldDaoImpl --- 
    SELECT
        * 
    FROM
        field_of_study
16:10:44,436 [DEBUG] {JavaFX Application Thread} TextbookDaoImpl --- 
    SELECT
        book_id,
        title,
        volume,
        edition,
        author_id,
        first_name,
        last_name 
    FROM
        ((book     
    INNER JOIN
        textbook 
            ON book_id = txtbk_book_id
        )     
INNER JOIN
    author 
        ON txtbk_author_id = author_id
    ) 
ORDER BY
book_id,
author_id
16:10:44,532 [DEBUG] {JavaFX Application Thread} AlgorithmDaoImpl --- 
    SELECT
        algorithm_id,
        algorithm,
        complexity,
        paradigm_id,
        paradigm,
        dp.description,
        field_id,
        field,
        fos.description 
    FROM
        ((algorithm     
    INNER JOIN
        design_paradigm as dp 
            ON algo_paradigm_id = paradigm_id
        )     
INNER JOIN
    field_of_study as fos 
        ON algo_field_id = field_id
    )
16:10:44,533 [DEBUG] {JavaFX Application Thread} ParadigmDaoImpl --- 
    SELECT
        * 
    FROM
        design_paradigm
16:10:44,534 [DEBUG] {JavaFX Application Thread} FieldDaoImpl --- 
    SELECT
        * 
    FROM
        field_of_study
16:13:19,216 [DEBUG] {JavaFX Application Thread} TextbookDaoImpl --- 
    SELECT
        book_id,
        title,
        volume,
        edition,
        author_id,
        first_name,
        last_name 
    FROM
        ((book     
    INNER JOIN
        textbook 
            ON book_id = txtbk_book_id
        )     
INNER JOIN
    author 
        ON txtbk_author_id = author_id
    ) 
ORDER BY
book_id,
author_id
16:13:19,323 [DEBUG] {JavaFX Application Thread} AlgorithmDaoImpl --- 
    SELECT
        algorithm_id,
        algorithm,
        complexity,
        paradigm_id,
        paradigm,
        dp.description,
        field_id,
        field,
        fos.description 
    FROM
        ((algorithm     
    INNER JOIN
        design_paradigm as dp 
            ON algo_paradigm_id = paradigm_id
        )     
INNER JOIN
    field_of_study as fos 
        ON algo_field_id = field_id
    )
16:13:19,325 [DEBUG] {JavaFX Application Thread} ParadigmDaoImpl --- 
    SELECT
        * 
    FROM
        design_paradigm
16:13:19,326 [DEBUG] {JavaFX Application Thread} FieldDaoImpl --- 
    SELECT
        * 
    FROM
        field_of_study
16:13:28,881 [DEBUG] {JavaFX Application Thread} ParadigmDaoImpl --- 
    SELECT
        * 
    FROM
        design_paradigm 
    WHERE
        paradigm = 'cbdfjhbdfjbfdj'
16:13:28,881 [DEBUG] {JavaFX Application Thread} ParadigmDaoImpl --- 
    INSERT 
    INTO
        design_paradigm
        (paradigm) VALUE ('cbdfjhbdfjbfdj')
16:14:16,086 [DEBUG] {JavaFX Application Thread} TextbookDaoImpl --- 
    SELECT
        book_id,
        title,
        volume,
        edition,
        author_id,
        first_name,
        last_name 
    FROM
        ((book     
    INNER JOIN
        textbook 
            ON book_id = txtbk_book_id
        )     
INNER JOIN
    author 
        ON txtbk_author_id = author_id
    ) 
ORDER BY
book_id,
author_id
16:14:16,188 [DEBUG] {JavaFX Application Thread} AlgorithmDaoImpl --- 
    SELECT
        algorithm_id,
        algorithm,
        complexity,
        paradigm_id,
        paradigm,
        dp.description,
        field_id,
        field,
        fos.description 
    FROM
        ((algorithm     
    INNER JOIN
        design_paradigm as dp 
            ON algo_paradigm_id = paradigm_id
        )     
INNER JOIN
    field_of_study as fos 
        ON algo_field_id = field_id
    )
16:14:16,190 [DEBUG] {JavaFX Application Thread} ParadigmDaoImpl --- 
    SELECT
        * 
    FROM
        design_paradigm
16:14:16,191 [DEBUG] {JavaFX Application Thread} FieldDaoImpl --- 
    SELECT
        * 
    FROM
        field_of_study
16:14:24,348 [ERROR] {JavaFX Application Thread} AlgorithmController --- Catching
java.sql.SQLException: Booom
	at app.service.AlgorithmServiceImpl.insertDesignParadigm(AlgorithmServiceImpl.java:89) ~[classes/:?]
	at app.controller.AlgorithmController.lambda$initialize$0(AlgorithmController.java:182) ~[classes/:?]
	at com.sun.javafx.event.CompositeEventHandler.dispatchBubblingEvent(CompositeEventHandler.java:86) ~[jfxrt.jar:?]
	at com.sun.javafx.event.EventHandlerManager.dispatchBubblingEvent(EventHandlerManager.java:238) ~[jfxrt.jar:?]
	at com.sun.javafx.event.EventHandlerManager.dispatchBubblingEvent(EventHandlerManager.java:191) ~[jfxrt.jar:?]
	at com.sun.javafx.event.CompositeEventDispatcher.dispatchBubblingEvent(CompositeEventDispatcher.java:59) ~[jfxrt.jar:?]
	at com.sun.javafx.event.BasicEventDispatcher.dispatchEvent(BasicEventDispatcher.java:58) ~[jfxrt.jar:?]
	at com.sun.javafx.event.EventDispatchChainImpl.dispatchEvent(EventDispatchChainImpl.java:114) ~[jfxrt.jar:?]
	at com.sun.javafx.event.BasicEventDispatcher.dispatchEvent(BasicEventDispatcher.java:56) ~[jfxrt.jar:?]
	at com.sun.javafx.event.EventDispatchChainImpl.dispatchEvent(EventDispatchChainImpl.java:114) ~[jfxrt.jar:?]
	at com.sun.javafx.event.BasicEventDispatcher.dispatchEvent(BasicEventDispatcher.java:56) ~[jfxrt.jar:?]
	at com.sun.javafx.event.EventDispatchChainImpl.dispatchEvent(EventDispatchChainImpl.java:114) ~[jfxrt.jar:?]
	at com.sun.javafx.event.BasicEventDispatcher.dispatchEvent(BasicEventDispatcher.java:56) ~[jfxrt.jar:?]
	at com.sun.javafx.event.EventDispatchChainImpl.dispatchEvent(EventDispatchChainImpl.java:114) ~[jfxrt.jar:?]
	at com.sun.javafx.event.BasicEventDispatcher.dispatchEvent(BasicEventDispatcher.java:56) ~[jfxrt.jar:?]
	at com.sun.javafx.event.EventDispatchChainImpl.dispatchEvent(EventDispatchChainImpl.java:114) ~[jfxrt.jar:?]
	at com.sun.javafx.event.EventUtil.fireEventImpl(EventUtil.java:74) ~[jfxrt.jar:?]
	at com.sun.javafx.event.EventUtil.fireEvent(EventUtil.java:49) ~[jfxrt.jar:?]
	at javafx.event.Event.fireEvent(Event.java:198) ~[jfxrt.jar:?]
	at javafx.scene.Node.fireEvent(Node.java:8413) ~[jfxrt.jar:?]
	at javafx.scene.control.Button.fire(Button.java:185) ~[jfxrt.jar:?]
	at com.sun.javafx.scene.control.behavior.ButtonBehavior.mouseReleased(ButtonBehavior.java:182) ~[jfxrt.jar:?]
	at com.sun.javafx.scene.control.skin.BehaviorSkinBase$1.handle(BehaviorSkinBase.java:96) ~[jfxrt.jar:?]
	at com.sun.javafx.scene.control.skin.BehaviorSkinBase$1.handle(BehaviorSkinBase.java:89) ~[jfxrt.jar:?]
	at com.sun.javafx.event.CompositeEventHandler$NormalEventHandlerRecord.handleBubblingEvent(CompositeEventHandler.java:218) ~[jfxrt.jar:?]
	at com.sun.javafx.event.CompositeEventHandler.dispatchBubblingEvent(CompositeEventHandler.java:80) ~[jfxrt.jar:?]
	at com.sun.javafx.event.EventHandlerManager.dispatchBubblingEvent(EventHandlerManager.java:238) ~[jfxrt.jar:?]
	at com.sun.javafx.event.EventHandlerManager.dispatchBubblingEvent(EventHandlerManager.java:191) ~[jfxrt.jar:?]
	at com.sun.javafx.event.CompositeEventDispatcher.dispatchBubblingEvent(CompositeEventDispatcher.java:59) ~[jfxrt.jar:?]
	at com.sun.javafx.event.BasicEventDispatcher.dispatchEvent(BasicEventDispatcher.java:58) ~[jfxrt.jar:?]
	at com.sun.javafx.event.EventDispatchChainImpl.dispatchEvent(EventDispatchChainImpl.java:114) ~[jfxrt.jar:?]
	at com.sun.javafx.event.BasicEventDispatcher.dispatchEvent(BasicEventDispatcher.java:56) ~[jfxrt.jar:?]
	at com.sun.javafx.event.EventDispatchChainImpl.dispatchEvent(EventDispatchChainImpl.java:114) ~[jfxrt.jar:?]
	at com.sun.javafx.event.BasicEventDispatcher.dispatchEvent(BasicEventDispatcher.java:56) ~[jfxrt.jar:?]
	at com.sun.javafx.event.EventDispatchChainImpl.dispatchEvent(EventDispatchChainImpl.java:114) ~[jfxrt.jar:?]
	at com.sun.javafx.event.BasicEventDispatcher.dispatchEvent(BasicEventDispatcher.java:56) ~[jfxrt.jar:?]
	at com.sun.javafx.event.EventDispatchChainImpl.dispatchEvent(EventDispatchChainImpl.java:114) ~[jfxrt.jar:?]
	at com.sun.javafx.event.BasicEventDispatcher.dispatchEvent(BasicEventDispatcher.java:56) ~[jfxrt.jar:?]
	at com.sun.javafx.event.EventDispatchChainImpl.dispatchEvent(EventDispatchChainImpl.java:114) ~[jfxrt.jar:?]
	at com.sun.javafx.event.EventUtil.fireEventImpl(EventUtil.java:74) ~[jfxrt.jar:?]
	at com.sun.javafx.event.EventUtil.fireEvent(EventUtil.java:54) ~[jfxrt.jar:?]
	at javafx.event.Event.fireEvent(Event.java:198) ~[jfxrt.jar:?]
	at javafx.scene.Scene$MouseHandler.process(Scene.java:3757) ~[jfxrt.jar:?]
	at javafx.scene.Scene$MouseHandler.access$1500(Scene.java:3485) ~[jfxrt.jar:?]
	at javafx.scene.Scene.impl_processMouseEvent(Scene.java:1762) ~[jfxrt.jar:?]
	at javafx.scene.Scene$ScenePeerListener.mouseEvent(Scene.java:2494) ~[jfxrt.jar:?]
	at com.sun.javafx.tk.quantum.GlassViewEventHandler$MouseEventNotification.run(GlassViewEventHandler.java:381) ~[jfxrt.jar:?]
	at com.sun.javafx.tk.quantum.GlassViewEventHandler$MouseEventNotification.run(GlassViewEventHandler.java:295) ~[jfxrt.jar:?]
	at java.security.AccessController.doPrivileged(Native Method) ~[?:1.8.0_151]
	at com.sun.javafx.tk.quantum.GlassViewEventHandler.lambda$handleMouseEvent$353(GlassViewEventHandler.java:417) ~[jfxrt.jar:?]
	at com.sun.javafx.tk.quantum.QuantumToolkit.runWithoutRenderLock(QuantumToolkit.java:389) ~[jfxrt.jar:?]
	at com.sun.javafx.tk.quantum.GlassViewEventHandler.handleMouseEvent(GlassViewEventHandler.java:416) ~[jfxrt.jar:?]
	at com.sun.glass.ui.View.handleMouseEvent(View.java:555) ~[jfxrt.jar:?]
	at com.sun.glass.ui.View.notifyMouse(View.java:937) ~[jfxrt.jar:?]
	at com.sun.glass.ui.win.WinApplication._runLoop(Native Method) ~[jfxrt.jar:?]
	at com.sun.glass.ui.win.WinApplication.lambda$null$147(WinApplication.java:177) ~[jfxrt.jar:?]
	at java.lang.Thread.run(Thread.java:748) [?:1.8.0_151]
16:14:57,603 [DEBUG] {JavaFX Application Thread} TextbookDaoImpl --- 
    SELECT
        book_id,
        title,
        volume,
        edition,
        author_id,
        first_name,
        last_name 
    FROM
        ((book     
    INNER JOIN
        textbook 
            ON book_id = txtbk_book_id
        )     
INNER JOIN
    author 
        ON txtbk_author_id = author_id
    ) 
ORDER BY
book_id,
author_id
16:14:57,694 [DEBUG] {JavaFX Application Thread} AlgorithmDaoImpl --- 
    SELECT
        algorithm_id,
        algorithm,
        complexity,
        paradigm_id,
        paradigm,
        dp.description,
        field_id,
        field,
        fos.description 
    FROM
        ((algorithm     
    INNER JOIN
        design_paradigm as dp 
            ON algo_paradigm_id = paradigm_id
        )     
INNER JOIN
    field_of_study as fos 
        ON algo_field_id = field_id
    )
16:14:57,696 [DEBUG] {JavaFX Application Thread} ParadigmDaoImpl --- 
    SELECT
        * 
    FROM
        design_paradigm
16:14:57,696 [DEBUG] {JavaFX Application Thread} FieldDaoImpl --- 
    SELECT
        * 
    FROM
        field_of_study
16:15:02,840 [ERROR] {JavaFX Application Thread} AlgorithmController --- Catching
java.sql.SQLException: Booom
	at app.service.AlgorithmServiceImpl.insertDesignParadigm(AlgorithmServiceImpl.java:89) ~[classes/:?]
	at app.controller.AlgorithmController.lambda$initialize$0(AlgorithmController.java:182) ~[classes/:?]
	at com.sun.javafx.event.CompositeEventHandler.dispatchBubblingEvent(CompositeEventHandler.java:86) ~[jfxrt.jar:?]
	at com.sun.javafx.event.EventHandlerManager.dispatchBubblingEvent(EventHandlerManager.java:238) ~[jfxrt.jar:?]
	at com.sun.javafx.event.EventHandlerManager.dispatchBubblingEvent(EventHandlerManager.java:191) ~[jfxrt.jar:?]
	at com.sun.javafx.event.CompositeEventDispatcher.dispatchBubblingEvent(CompositeEventDispatcher.java:59) ~[jfxrt.jar:?]
	at com.sun.javafx.event.BasicEventDispatcher.dispatchEvent(BasicEventDispatcher.java:58) ~[jfxrt.jar:?]
	at com.sun.javafx.event.EventDispatchChainImpl.dispatchEvent(EventDispatchChainImpl.java:114) ~[jfxrt.jar:?]
	at com.sun.javafx.event.BasicEventDispatcher.dispatchEvent(BasicEventDispatcher.java:56) ~[jfxrt.jar:?]
	at com.sun.javafx.event.EventDispatchChainImpl.dispatchEvent(EventDispatchChainImpl.java:114) ~[jfxrt.jar:?]
	at com.sun.javafx.event.BasicEventDispatcher.dispatchEvent(BasicEventDispatcher.java:56) ~[jfxrt.jar:?]
	at com.sun.javafx.event.EventDispatchChainImpl.dispatchEvent(EventDispatchChainImpl.java:114) ~[jfxrt.jar:?]
	at com.sun.javafx.event.BasicEventDispatcher.dispatchEvent(BasicEventDispatcher.java:56) ~[jfxrt.jar:?]
	at com.sun.javafx.event.EventDispatchChainImpl.dispatchEvent(EventDispatchChainImpl.java:114) ~[jfxrt.jar:?]
	at com.sun.javafx.event.BasicEventDispatcher.dispatchEvent(BasicEventDispatcher.java:56) ~[jfxrt.jar:?]
	at com.sun.javafx.event.EventDispatchChainImpl.dispatchEvent(EventDispatchChainImpl.java:114) ~[jfxrt.jar:?]
	at com.sun.javafx.event.EventUtil.fireEventImpl(EventUtil.java:74) ~[jfxrt.jar:?]
	at com.sun.javafx.event.EventUtil.fireEvent(EventUtil.java:49) ~[jfxrt.jar:?]
	at javafx.event.Event.fireEvent(Event.java:198) ~[jfxrt.jar:?]
	at javafx.scene.Node.fireEvent(Node.java:8413) ~[jfxrt.jar:?]
	at javafx.scene.control.Button.fire(Button.java:185) ~[jfxrt.jar:?]
	at com.sun.javafx.scene.control.behavior.ButtonBehavior.mouseReleased(ButtonBehavior.java:182) ~[jfxrt.jar:?]
	at com.sun.javafx.scene.control.skin.BehaviorSkinBase$1.handle(BehaviorSkinBase.java:96) ~[jfxrt.jar:?]
	at com.sun.javafx.scene.control.skin.BehaviorSkinBase$1.handle(BehaviorSkinBase.java:89) ~[jfxrt.jar:?]
	at com.sun.javafx.event.CompositeEventHandler$NormalEventHandlerRecord.handleBubblingEvent(CompositeEventHandler.java:218) ~[jfxrt.jar:?]
	at com.sun.javafx.event.CompositeEventHandler.dispatchBubblingEvent(CompositeEventHandler.java:80) ~[jfxrt.jar:?]
	at com.sun.javafx.event.EventHandlerManager.dispatchBubblingEvent(EventHandlerManager.java:238) ~[jfxrt.jar:?]
	at com.sun.javafx.event.EventHandlerManager.dispatchBubblingEvent(EventHandlerManager.java:191) ~[jfxrt.jar:?]
	at com.sun.javafx.event.CompositeEventDispatcher.dispatchBubblingEvent(CompositeEventDispatcher.java:59) ~[jfxrt.jar:?]
	at com.sun.javafx.event.BasicEventDispatcher.dispatchEvent(BasicEventDispatcher.java:58) ~[jfxrt.jar:?]
	at com.sun.javafx.event.EventDispatchChainImpl.dispatchEvent(EventDispatchChainImpl.java:114) ~[jfxrt.jar:?]
	at com.sun.javafx.event.BasicEventDispatcher.dispatchEvent(BasicEventDispatcher.java:56) ~[jfxrt.jar:?]
	at com.sun.javafx.event.EventDispatchChainImpl.dispatchEvent(EventDispatchChainImpl.java:114) ~[jfxrt.jar:?]
	at com.sun.javafx.event.BasicEventDispatcher.dispatchEvent(BasicEventDispatcher.java:56) ~[jfxrt.jar:?]
	at com.sun.javafx.event.EventDispatchChainImpl.dispatchEvent(EventDispatchChainImpl.java:114) ~[jfxrt.jar:?]
	at com.sun.javafx.event.BasicEventDispatcher.dispatchEvent(BasicEventDispatcher.java:56) ~[jfxrt.jar:?]
	at com.sun.javafx.event.EventDispatchChainImpl.dispatchEvent(EventDispatchChainImpl.java:114) ~[jfxrt.jar:?]
	at com.sun.javafx.event.BasicEventDispatcher.dispatchEvent(BasicEventDispatcher.java:56) ~[jfxrt.jar:?]
	at com.sun.javafx.event.EventDispatchChainImpl.dispatchEvent(EventDispatchChainImpl.java:114) ~[jfxrt.jar:?]
	at com.sun.javafx.event.EventUtil.fireEventImpl(EventUtil.java:74) ~[jfxrt.jar:?]
	at com.sun.javafx.event.EventUtil.fireEvent(EventUtil.java:54) ~[jfxrt.jar:?]
	at javafx.event.Event.fireEvent(Event.java:198) ~[jfxrt.jar:?]
	at javafx.scene.Scene$MouseHandler.process(Scene.java:3757) ~[jfxrt.jar:?]
	at javafx.scene.Scene$MouseHandler.access$1500(Scene.java:3485) ~[jfxrt.jar:?]
	at javafx.scene.Scene.impl_processMouseEvent(Scene.java:1762) ~[jfxrt.jar:?]
	at javafx.scene.Scene$ScenePeerListener.mouseEvent(Scene.java:2494) ~[jfxrt.jar:?]
	at com.sun.javafx.tk.quantum.GlassViewEventHandler$MouseEventNotification.run(GlassViewEventHandler.java:381) ~[jfxrt.jar:?]
	at com.sun.javafx.tk.quantum.GlassViewEventHandler$MouseEventNotification.run(GlassViewEventHandler.java:295) ~[jfxrt.jar:?]
	at java.security.AccessController.doPrivileged(Native Method) ~[?:1.8.0_151]
	at com.sun.javafx.tk.quantum.GlassViewEventHandler.lambda$handleMouseEvent$353(GlassViewEventHandler.java:417) ~[jfxrt.jar:?]
	at com.sun.javafx.tk.quantum.QuantumToolkit.runWithoutRenderLock(QuantumToolkit.java:389) ~[jfxrt.jar:?]
	at com.sun.javafx.tk.quantum.GlassViewEventHandler.handleMouseEvent(GlassViewEventHandler.java:416) ~[jfxrt.jar:?]
	at com.sun.glass.ui.View.handleMouseEvent(View.java:555) ~[jfxrt.jar:?]
	at com.sun.glass.ui.View.notifyMouse(View.java:937) ~[jfxrt.jar:?]
	at com.sun.glass.ui.win.WinApplication._runLoop(Native Method) ~[jfxrt.jar:?]
	at com.sun.glass.ui.win.WinApplication.lambda$null$147(WinApplication.java:177) ~[jfxrt.jar:?]
	at java.lang.Thread.run(Thread.java:748) [?:1.8.0_151]
16:15:14,730 [DEBUG] {JavaFX Application Thread} TextbookDaoImpl --- 
    SELECT
        book_id,
        title,
        volume,
        edition,
        author_id,
        first_name,
        last_name 
    FROM
        ((book     
    INNER JOIN
        textbook 
            ON book_id = txtbk_book_id
        )     
INNER JOIN
    author 
        ON txtbk_author_id = author_id
    ) 
ORDER BY
book_id,
author_id
16:15:14,827 [DEBUG] {JavaFX Application Thread} AlgorithmDaoImpl --- 
    SELECT
        algorithm_id,
        algorithm,
        complexity,
        paradigm_id,
        paradigm,
        dp.description,
        field_id,
        field,
        fos.description 
    FROM
        ((algorithm     
    INNER JOIN
        design_paradigm as dp 
            ON algo_paradigm_id = paradigm_id
        )     
INNER JOIN
    field_of_study as fos 
        ON algo_field_id = field_id
    )
16:15:14,828 [DEBUG] {JavaFX Application Thread} ParadigmDaoImpl --- 
    SELECT
        * 
    FROM
        design_paradigm
16:15:14,829 [DEBUG] {JavaFX Application Thread} FieldDaoImpl --- 
    SELECT
        * 
    FROM
        field_of_study
16:15:18,302 [ERROR] {JavaFX Application Thread} AlgorithmController --- Catching
java.sql.SQLException: Booom
	at app.service.AlgorithmServiceImpl.insertDesignParadigm(AlgorithmServiceImpl.java:89) ~[classes/:?]
	at app.controller.AlgorithmController.lambda$initialize$0(AlgorithmController.java:182) ~[classes/:?]
	at com.sun.javafx.event.CompositeEventHandler.dispatchBubblingEvent(CompositeEventHandler.java:86) ~[jfxrt.jar:?]
	at com.sun.javafx.event.EventHandlerManager.dispatchBubblingEvent(EventHandlerManager.java:238) ~[jfxrt.jar:?]
	at com.sun.javafx.event.EventHandlerManager.dispatchBubblingEvent(EventHandlerManager.java:191) ~[jfxrt.jar:?]
	at com.sun.javafx.event.CompositeEventDispatcher.dispatchBubblingEvent(CompositeEventDispatcher.java:59) ~[jfxrt.jar:?]
	at com.sun.javafx.event.BasicEventDispatcher.dispatchEvent(BasicEventDispatcher.java:58) ~[jfxrt.jar:?]
	at com.sun.javafx.event.EventDispatchChainImpl.dispatchEvent(EventDispatchChainImpl.java:114) ~[jfxrt.jar:?]
	at com.sun.javafx.event.BasicEventDispatcher.dispatchEvent(BasicEventDispatcher.java:56) ~[jfxrt.jar:?]
	at com.sun.javafx.event.EventDispatchChainImpl.dispatchEvent(EventDispatchChainImpl.java:114) ~[jfxrt.jar:?]
	at com.sun.javafx.event.BasicEventDispatcher.dispatchEvent(BasicEventDispatcher.java:56) ~[jfxrt.jar:?]
	at com.sun.javafx.event.EventDispatchChainImpl.dispatchEvent(EventDispatchChainImpl.java:114) ~[jfxrt.jar:?]
	at com.sun.javafx.event.BasicEventDispatcher.dispatchEvent(BasicEventDispatcher.java:56) ~[jfxrt.jar:?]
	at com.sun.javafx.event.EventDispatchChainImpl.dispatchEvent(EventDispatchChainImpl.java:114) ~[jfxrt.jar:?]
	at com.sun.javafx.event.BasicEventDispatcher.dispatchEvent(BasicEventDispatcher.java:56) ~[jfxrt.jar:?]
	at com.sun.javafx.event.EventDispatchChainImpl.dispatchEvent(EventDispatchChainImpl.java:114) ~[jfxrt.jar:?]
	at com.sun.javafx.event.EventUtil.fireEventImpl(EventUtil.java:74) ~[jfxrt.jar:?]
	at com.sun.javafx.event.EventUtil.fireEvent(EventUtil.java:49) ~[jfxrt.jar:?]
	at javafx.event.Event.fireEvent(Event.java:198) ~[jfxrt.jar:?]
	at javafx.scene.Node.fireEvent(Node.java:8413) ~[jfxrt.jar:?]
	at javafx.scene.control.Button.fire(Button.java:185) ~[jfxrt.jar:?]
	at com.sun.javafx.scene.control.behavior.ButtonBehavior.mouseReleased(ButtonBehavior.java:182) ~[jfxrt.jar:?]
	at com.sun.javafx.scene.control.skin.BehaviorSkinBase$1.handle(BehaviorSkinBase.java:96) ~[jfxrt.jar:?]
	at com.sun.javafx.scene.control.skin.BehaviorSkinBase$1.handle(BehaviorSkinBase.java:89) ~[jfxrt.jar:?]
	at com.sun.javafx.event.CompositeEventHandler$NormalEventHandlerRecord.handleBubblingEvent(CompositeEventHandler.java:218) ~[jfxrt.jar:?]
	at com.sun.javafx.event.CompositeEventHandler.dispatchBubblingEvent(CompositeEventHandler.java:80) ~[jfxrt.jar:?]
	at com.sun.javafx.event.EventHandlerManager.dispatchBubblingEvent(EventHandlerManager.java:238) ~[jfxrt.jar:?]
	at com.sun.javafx.event.EventHandlerManager.dispatchBubblingEvent(EventHandlerManager.java:191) ~[jfxrt.jar:?]
	at com.sun.javafx.event.CompositeEventDispatcher.dispatchBubblingEvent(CompositeEventDispatcher.java:59) ~[jfxrt.jar:?]
	at com.sun.javafx.event.BasicEventDispatcher.dispatchEvent(BasicEventDispatcher.java:58) ~[jfxrt.jar:?]
	at com.sun.javafx.event.EventDispatchChainImpl.dispatchEvent(EventDispatchChainImpl.java:114) ~[jfxrt.jar:?]
	at com.sun.javafx.event.BasicEventDispatcher.dispatchEvent(BasicEventDispatcher.java:56) ~[jfxrt.jar:?]
	at com.sun.javafx.event.EventDispatchChainImpl.dispatchEvent(EventDispatchChainImpl.java:114) ~[jfxrt.jar:?]
	at com.sun.javafx.event.BasicEventDispatcher.dispatchEvent(BasicEventDispatcher.java:56) ~[jfxrt.jar:?]
	at com.sun.javafx.event.EventDispatchChainImpl.dispatchEvent(EventDispatchChainImpl.java:114) ~[jfxrt.jar:?]
	at com.sun.javafx.event.BasicEventDispatcher.dispatchEvent(BasicEventDispatcher.java:56) ~[jfxrt.jar:?]
	at com.sun.javafx.event.EventDispatchChainImpl.dispatchEvent(EventDispatchChainImpl.java:114) ~[jfxrt.jar:?]
	at com.sun.javafx.event.BasicEventDispatcher.dispatchEvent(BasicEventDispatcher.java:56) ~[jfxrt.jar:?]
	at com.sun.javafx.event.EventDispatchChainImpl.dispatchEvent(EventDispatchChainImpl.java:114) ~[jfxrt.jar:?]
	at com.sun.javafx.event.EventUtil.fireEventImpl(EventUtil.java:74) ~[jfxrt.jar:?]
	at com.sun.javafx.event.EventUtil.fireEvent(EventUtil.java:54) ~[jfxrt.jar:?]
	at javafx.event.Event.fireEvent(Event.java:198) ~[jfxrt.jar:?]
	at javafx.scene.Scene$MouseHandler.process(Scene.java:3757) ~[jfxrt.jar:?]
	at javafx.scene.Scene$MouseHandler.access$1500(Scene.java:3485) ~[jfxrt.jar:?]
	at javafx.scene.Scene.impl_processMouseEvent(Scene.java:1762) ~[jfxrt.jar:?]
	at javafx.scene.Scene$ScenePeerListener.mouseEvent(Scene.java:2494) ~[jfxrt.jar:?]
	at com.sun.javafx.tk.quantum.GlassViewEventHandler$MouseEventNotification.run(GlassViewEventHandler.java:381) ~[jfxrt.jar:?]
	at com.sun.javafx.tk.quantum.GlassViewEventHandler$MouseEventNotification.run(GlassViewEventHandler.java:295) ~[jfxrt.jar:?]
	at java.security.AccessController.doPrivileged(Native Method) ~[?:1.8.0_151]
	at com.sun.javafx.tk.quantum.GlassViewEventHandler.lambda$handleMouseEvent$353(GlassViewEventHandler.java:417) ~[jfxrt.jar:?]
	at com.sun.javafx.tk.quantum.QuantumToolkit.runWithoutRenderLock(QuantumToolkit.java:389) ~[jfxrt.jar:?]
	at com.sun.javafx.tk.quantum.GlassViewEventHandler.handleMouseEvent(GlassViewEventHandler.java:416) ~[jfxrt.jar:?]
	at com.sun.glass.ui.View.handleMouseEvent(View.java:555) ~[jfxrt.jar:?]
	at com.sun.glass.ui.View.notifyMouse(View.java:937) ~[jfxrt.jar:?]
	at com.sun.glass.ui.win.WinApplication._runLoop(Native Method) ~[jfxrt.jar:?]
	at com.sun.glass.ui.win.WinApplication.lambda$null$147(WinApplication.java:177) ~[jfxrt.jar:?]
	at java.lang.Thread.run(Thread.java:748) [?:1.8.0_151]
16:32:57,343 [DEBUG] {JavaFX Application Thread} TextbookDaoImpl --- 
    SELECT
        book_id,
        title,
        volume,
        edition,
        author_id,
        first_name,
        last_name 
    FROM
        ((book     
    INNER JOIN
        textbook 
            ON book_id = txtbk_book_id
        )     
INNER JOIN
    author 
        ON txtbk_author_id = author_id
    ) 
ORDER BY
book_id,
author_id
16:32:57,436 [DEBUG] {JavaFX Application Thread} AlgorithmDaoImpl --- 
    SELECT
        algorithm_id,
        algorithm,
        complexity,
        paradigm_id,
        paradigm,
        dp.description,
        field_id,
        field,
        fos.description 
    FROM
        ((algorithm     
    INNER JOIN
        design_paradigm as dp 
            ON algo_paradigm_id = paradigm_id
        )     
INNER JOIN
    field_of_study as fos 
        ON algo_field_id = field_id
    )
16:32:57,437 [DEBUG] {JavaFX Application Thread} ParadigmDaoImpl --- 
    SELECT
        * 
    FROM
        design_paradigm
16:32:57,438 [DEBUG] {JavaFX Application Thread} FieldDaoImpl --- 
    SELECT
        * 
    FROM
        field_of_study
16:33:21,507 [DEBUG] {JavaFX Application Thread} ParadigmDaoImpl --- 
    SELECT
        * 
    FROM
        design_paradigm 
    WHERE
        paradigm = 'Divide and conquer'
16:33:21,508 [ERROR] {JavaFX Application Thread} AlgorithmController --- Catching
app.auxiliary.LogicException: This design paradigm already exists
	at app.service.AlgorithmServiceImpl.insertDesignParadigm(AlgorithmServiceImpl.java:77) ~[classes/:?]
	at app.controller.AlgorithmController.lambda$initialize$0(AlgorithmController.java:182) ~[classes/:?]
	at com.sun.javafx.event.CompositeEventHandler.dispatchBubblingEvent(CompositeEventHandler.java:86) ~[jfxrt.jar:?]
	at com.sun.javafx.event.EventHandlerManager.dispatchBubblingEvent(EventHandlerManager.java:238) ~[jfxrt.jar:?]
	at com.sun.javafx.event.EventHandlerManager.dispatchBubblingEvent(EventHandlerManager.java:191) ~[jfxrt.jar:?]
	at com.sun.javafx.event.CompositeEventDispatcher.dispatchBubblingEvent(CompositeEventDispatcher.java:59) ~[jfxrt.jar:?]
	at com.sun.javafx.event.BasicEventDispatcher.dispatchEvent(BasicEventDispatcher.java:58) ~[jfxrt.jar:?]
	at com.sun.javafx.event.EventDispatchChainImpl.dispatchEvent(EventDispatchChainImpl.java:114) ~[jfxrt.jar:?]
	at com.sun.javafx.event.BasicEventDispatcher.dispatchEvent(BasicEventDispatcher.java:56) ~[jfxrt.jar:?]
	at com.sun.javafx.event.EventDispatchChainImpl.dispatchEvent(EventDispatchChainImpl.java:114) ~[jfxrt.jar:?]
	at com.sun.javafx.event.BasicEventDispatcher.dispatchEvent(BasicEventDispatcher.java:56) ~[jfxrt.jar:?]
	at com.sun.javafx.event.EventDispatchChainImpl.dispatchEvent(EventDispatchChainImpl.java:114) ~[jfxrt.jar:?]
	at com.sun.javafx.event.BasicEventDispatcher.dispatchEvent(BasicEventDispatcher.java:56) ~[jfxrt.jar:?]
	at com.sun.javafx.event.EventDispatchChainImpl.dispatchEvent(EventDispatchChainImpl.java:114) ~[jfxrt.jar:?]
	at com.sun.javafx.event.BasicEventDispatcher.dispatchEvent(BasicEventDispatcher.java:56) ~[jfxrt.jar:?]
	at com.sun.javafx.event.EventDispatchChainImpl.dispatchEvent(EventDispatchChainImpl.java:114) ~[jfxrt.jar:?]
	at com.sun.javafx.event.EventUtil.fireEventImpl(EventUtil.java:74) ~[jfxrt.jar:?]
	at com.sun.javafx.event.EventUtil.fireEvent(EventUtil.java:49) ~[jfxrt.jar:?]
	at javafx.event.Event.fireEvent(Event.java:198) ~[jfxrt.jar:?]
	at javafx.scene.Node.fireEvent(Node.java:8413) ~[jfxrt.jar:?]
	at javafx.scene.control.Button.fire(Button.java:185) ~[jfxrt.jar:?]
	at com.sun.javafx.scene.control.behavior.ButtonBehavior.mouseReleased(ButtonBehavior.java:182) ~[jfxrt.jar:?]
	at com.sun.javafx.scene.control.skin.BehaviorSkinBase$1.handle(BehaviorSkinBase.java:96) ~[jfxrt.jar:?]
	at com.sun.javafx.scene.control.skin.BehaviorSkinBase$1.handle(BehaviorSkinBase.java:89) ~[jfxrt.jar:?]
	at com.sun.javafx.event.CompositeEventHandler$NormalEventHandlerRecord.handleBubblingEvent(CompositeEventHandler.java:218) ~[jfxrt.jar:?]
	at com.sun.javafx.event.CompositeEventHandler.dispatchBubblingEvent(CompositeEventHandler.java:80) ~[jfxrt.jar:?]
	at com.sun.javafx.event.EventHandlerManager.dispatchBubblingEvent(EventHandlerManager.java:238) ~[jfxrt.jar:?]
	at com.sun.javafx.event.EventHandlerManager.dispatchBubblingEvent(EventHandlerManager.java:191) ~[jfxrt.jar:?]
	at com.sun.javafx.event.CompositeEventDispatcher.dispatchBubblingEvent(CompositeEventDispatcher.java:59) ~[jfxrt.jar:?]
	at com.sun.javafx.event.BasicEventDispatcher.dispatchEvent(BasicEventDispatcher.java:58) ~[jfxrt.jar:?]
	at com.sun.javafx.event.EventDispatchChainImpl.dispatchEvent(EventDispatchChainImpl.java:114) ~[jfxrt.jar:?]
	at com.sun.javafx.event.BasicEventDispatcher.dispatchEvent(BasicEventDispatcher.java:56) ~[jfxrt.jar:?]
	at com.sun.javafx.event.EventDispatchChainImpl.dispatchEvent(EventDispatchChainImpl.java:114) ~[jfxrt.jar:?]
	at com.sun.javafx.event.BasicEventDispatcher.dispatchEvent(BasicEventDispatcher.java:56) ~[jfxrt.jar:?]
	at com.sun.javafx.event.EventDispatchChainImpl.dispatchEvent(EventDispatchChainImpl.java:114) ~[jfxrt.jar:?]
	at com.sun.javafx.event.BasicEventDispatcher.dispatchEvent(BasicEventDispatcher.java:56) ~[jfxrt.jar:?]
	at com.sun.javafx.event.EventDispatchChainImpl.dispatchEvent(EventDispatchChainImpl.java:114) ~[jfxrt.jar:?]
	at com.sun.javafx.event.BasicEventDispatcher.dispatchEvent(BasicEventDispatcher.java:56) ~[jfxrt.jar:?]
	at com.sun.javafx.event.EventDispatchChainImpl.dispatchEvent(EventDispatchChainImpl.java:114) ~[jfxrt.jar:?]
	at com.sun.javafx.event.EventUtil.fireEventImpl(EventUtil.java:74) ~[jfxrt.jar:?]
	at com.sun.javafx.event.EventUtil.fireEvent(EventUtil.java:54) ~[jfxrt.jar:?]
	at javafx.event.Event.fireEvent(Event.java:198) ~[jfxrt.jar:?]
	at javafx.scene.Scene$MouseHandler.process(Scene.java:3757) ~[jfxrt.jar:?]
	at javafx.scene.Scene$MouseHandler.access$1500(Scene.java:3485) ~[jfxrt.jar:?]
	at javafx.scene.Scene.impl_processMouseEvent(Scene.java:1762) ~[jfxrt.jar:?]
	at javafx.scene.Scene$ScenePeerListener.mouseEvent(Scene.java:2494) ~[jfxrt.jar:?]
	at com.sun.javafx.tk.quantum.GlassViewEventHandler$MouseEventNotification.run(GlassViewEventHandler.java:381) ~[jfxrt.jar:?]
	at com.sun.javafx.tk.quantum.GlassViewEventHandler$MouseEventNotification.run(GlassViewEventHandler.java:295) ~[jfxrt.jar:?]
	at java.security.AccessController.doPrivileged(Native Method) ~[?:1.8.0_151]
	at com.sun.javafx.tk.quantum.GlassViewEventHandler.lambda$handleMouseEvent$353(GlassViewEventHandler.java:417) ~[jfxrt.jar:?]
	at com.sun.javafx.tk.quantum.QuantumToolkit.runWithoutRenderLock(QuantumToolkit.java:389) ~[jfxrt.jar:?]
	at com.sun.javafx.tk.quantum.GlassViewEventHandler.handleMouseEvent(GlassViewEventHandler.java:416) ~[jfxrt.jar:?]
	at com.sun.glass.ui.View.handleMouseEvent(View.java:555) ~[jfxrt.jar:?]
	at com.sun.glass.ui.View.notifyMouse(View.java:937) ~[jfxrt.jar:?]
	at com.sun.glass.ui.win.WinApplication._runLoop(Native Method) ~[jfxrt.jar:?]
	at com.sun.glass.ui.win.WinApplication.lambda$null$147(WinApplication.java:177) ~[jfxrt.jar:?]
	at java.lang.Thread.run(Thread.java:748) [?:1.8.0_151]
16:33:59,162 [DEBUG] {JavaFX Application Thread} TextbookDaoImpl --- 
    SELECT
        book_id,
        title,
        volume,
        edition,
        author_id,
        first_name,
        last_name 
    FROM
        ((book     
    INNER JOIN
        textbook 
            ON book_id = txtbk_book_id
        )     
INNER JOIN
    author 
        ON txtbk_author_id = author_id
    ) 
ORDER BY
book_id,
author_id
16:33:59,256 [DEBUG] {JavaFX Application Thread} AlgorithmDaoImpl --- 
    SELECT
        algorithm_id,
        algorithm,
        complexity,
        paradigm_id,
        paradigm,
        dp.description,
        field_id,
        field,
        fos.description 
    FROM
        ((algorithm     
    INNER JOIN
        design_paradigm as dp 
            ON algo_paradigm_id = paradigm_id
        )     
INNER JOIN
    field_of_study as fos 
        ON algo_field_id = field_id
    )
16:33:59,258 [DEBUG] {JavaFX Application Thread} ParadigmDaoImpl --- 
    SELECT
        * 
    FROM
        design_paradigm
16:33:59,258 [DEBUG] {JavaFX Application Thread} FieldDaoImpl --- 
    SELECT
        * 
    FROM
        field_of_study
16:34:19,771 [DEBUG] {JavaFX Application Thread} ParadigmDaoImpl --- 
    SELECT
        * 
    FROM
        design_paradigm 
    WHERE
        paradigm = 'Divide and conquer'
16:34:19,771 [ERROR] {JavaFX Application Thread} AlgorithmController --- Catching
app.auxiliary.LogicException: This design paradigm already exists
	at app.service.AlgorithmServiceImpl.insertDesignParadigm(AlgorithmServiceImpl.java:77) ~[classes/:?]
	at app.controller.AlgorithmController.lambda$initialize$0(AlgorithmController.java:182) ~[classes/:?]
	at com.sun.javafx.event.CompositeEventHandler.dispatchBubblingEvent(CompositeEventHandler.java:86) ~[jfxrt.jar:?]
	at com.sun.javafx.event.EventHandlerManager.dispatchBubblingEvent(EventHandlerManager.java:238) ~[jfxrt.jar:?]
	at com.sun.javafx.event.EventHandlerManager.dispatchBubblingEvent(EventHandlerManager.java:191) ~[jfxrt.jar:?]
	at com.sun.javafx.event.CompositeEventDispatcher.dispatchBubblingEvent(CompositeEventDispatcher.java:59) ~[jfxrt.jar:?]
	at com.sun.javafx.event.BasicEventDispatcher.dispatchEvent(BasicEventDispatcher.java:58) ~[jfxrt.jar:?]
	at com.sun.javafx.event.EventDispatchChainImpl.dispatchEvent(EventDispatchChainImpl.java:114) ~[jfxrt.jar:?]
	at com.sun.javafx.event.BasicEventDispatcher.dispatchEvent(BasicEventDispatcher.java:56) ~[jfxrt.jar:?]
	at com.sun.javafx.event.EventDispatchChainImpl.dispatchEvent(EventDispatchChainImpl.java:114) ~[jfxrt.jar:?]
	at com.sun.javafx.event.BasicEventDispatcher.dispatchEvent(BasicEventDispatcher.java:56) ~[jfxrt.jar:?]
	at com.sun.javafx.event.EventDispatchChainImpl.dispatchEvent(EventDispatchChainImpl.java:114) ~[jfxrt.jar:?]
	at com.sun.javafx.event.BasicEventDispatcher.dispatchEvent(BasicEventDispatcher.java:56) ~[jfxrt.jar:?]
	at com.sun.javafx.event.EventDispatchChainImpl.dispatchEvent(EventDispatchChainImpl.java:114) ~[jfxrt.jar:?]
	at com.sun.javafx.event.BasicEventDispatcher.dispatchEvent(BasicEventDispatcher.java:56) ~[jfxrt.jar:?]
	at com.sun.javafx.event.EventDispatchChainImpl.dispatchEvent(EventDispatchChainImpl.java:114) ~[jfxrt.jar:?]
	at com.sun.javafx.event.EventUtil.fireEventImpl(EventUtil.java:74) ~[jfxrt.jar:?]
	at com.sun.javafx.event.EventUtil.fireEvent(EventUtil.java:49) ~[jfxrt.jar:?]
	at javafx.event.Event.fireEvent(Event.java:198) ~[jfxrt.jar:?]
	at javafx.scene.Node.fireEvent(Node.java:8413) ~[jfxrt.jar:?]
	at javafx.scene.control.Button.fire(Button.java:185) ~[jfxrt.jar:?]
	at com.sun.javafx.scene.control.behavior.ButtonBehavior.mouseReleased(ButtonBehavior.java:182) ~[jfxrt.jar:?]
	at com.sun.javafx.scene.control.skin.BehaviorSkinBase$1.handle(BehaviorSkinBase.java:96) ~[jfxrt.jar:?]
	at com.sun.javafx.scene.control.skin.BehaviorSkinBase$1.handle(BehaviorSkinBase.java:89) ~[jfxrt.jar:?]
	at com.sun.javafx.event.CompositeEventHandler$NormalEventHandlerRecord.handleBubblingEvent(CompositeEventHandler.java:218) ~[jfxrt.jar:?]
	at com.sun.javafx.event.CompositeEventHandler.dispatchBubblingEvent(CompositeEventHandler.java:80) ~[jfxrt.jar:?]
	at com.sun.javafx.event.EventHandlerManager.dispatchBubblingEvent(EventHandlerManager.java:238) ~[jfxrt.jar:?]
	at com.sun.javafx.event.EventHandlerManager.dispatchBubblingEvent(EventHandlerManager.java:191) ~[jfxrt.jar:?]
	at com.sun.javafx.event.CompositeEventDispatcher.dispatchBubblingEvent(CompositeEventDispatcher.java:59) ~[jfxrt.jar:?]
	at com.sun.javafx.event.BasicEventDispatcher.dispatchEvent(BasicEventDispatcher.java:58) ~[jfxrt.jar:?]
	at com.sun.javafx.event.EventDispatchChainImpl.dispatchEvent(EventDispatchChainImpl.java:114) ~[jfxrt.jar:?]
	at com.sun.javafx.event.BasicEventDispatcher.dispatchEvent(BasicEventDispatcher.java:56) ~[jfxrt.jar:?]
	at com.sun.javafx.event.EventDispatchChainImpl.dispatchEvent(EventDispatchChainImpl.java:114) ~[jfxrt.jar:?]
	at com.sun.javafx.event.BasicEventDispatcher.dispatchEvent(BasicEventDispatcher.java:56) ~[jfxrt.jar:?]
	at com.sun.javafx.event.EventDispatchChainImpl.dispatchEvent(EventDispatchChainImpl.java:114) ~[jfxrt.jar:?]
	at com.sun.javafx.event.BasicEventDispatcher.dispatchEvent(BasicEventDispatcher.java:56) ~[jfxrt.jar:?]
	at com.sun.javafx.event.EventDispatchChainImpl.dispatchEvent(EventDispatchChainImpl.java:114) ~[jfxrt.jar:?]
	at com.sun.javafx.event.BasicEventDispatcher.dispatchEvent(BasicEventDispatcher.java:56) ~[jfxrt.jar:?]
	at com.sun.javafx.event.EventDispatchChainImpl.dispatchEvent(EventDispatchChainImpl.java:114) ~[jfxrt.jar:?]
	at com.sun.javafx.event.EventUtil.fireEventImpl(EventUtil.java:74) ~[jfxrt.jar:?]
	at com.sun.javafx.event.EventUtil.fireEvent(EventUtil.java:54) ~[jfxrt.jar:?]
	at javafx.event.Event.fireEvent(Event.java:198) ~[jfxrt.jar:?]
	at javafx.scene.Scene$MouseHandler.process(Scene.java:3757) ~[jfxrt.jar:?]
	at javafx.scene.Scene$MouseHandler.access$1500(Scene.java:3485) ~[jfxrt.jar:?]
	at javafx.scene.Scene.impl_processMouseEvent(Scene.java:1762) ~[jfxrt.jar:?]
	at javafx.scene.Scene$ScenePeerListener.mouseEvent(Scene.java:2494) ~[jfxrt.jar:?]
	at com.sun.javafx.tk.quantum.GlassViewEventHandler$MouseEventNotification.run(GlassViewEventHandler.java:381) ~[jfxrt.jar:?]
	at com.sun.javafx.tk.quantum.GlassViewEventHandler$MouseEventNotification.run(GlassViewEventHandler.java:295) ~[jfxrt.jar:?]
	at java.security.AccessController.doPrivileged(Native Method) ~[?:1.8.0_151]
	at com.sun.javafx.tk.quantum.GlassViewEventHandler.lambda$handleMouseEvent$353(GlassViewEventHandler.java:417) ~[jfxrt.jar:?]
	at com.sun.javafx.tk.quantum.QuantumToolkit.runWithoutRenderLock(QuantumToolkit.java:389) ~[jfxrt.jar:?]
	at com.sun.javafx.tk.quantum.GlassViewEventHandler.handleMouseEvent(GlassViewEventHandler.java:416) ~[jfxrt.jar:?]
	at com.sun.glass.ui.View.handleMouseEvent(View.java:555) ~[jfxrt.jar:?]
	at com.sun.glass.ui.View.notifyMouse(View.java:937) ~[jfxrt.jar:?]
	at com.sun.glass.ui.win.WinApplication._runLoop(Native Method) ~[jfxrt.jar:?]
	at com.sun.glass.ui.win.WinApplication.lambda$null$147(WinApplication.java:177) ~[jfxrt.jar:?]
	at java.lang.Thread.run(Thread.java:748) [?:1.8.0_151]
17:16:56,770 [DEBUG] {JavaFX Application Thread} TextbookDaoImpl --- 
    SELECT
        book_id,
        title,
        volume,
        edition,
        author_id,
        first_name,
        last_name 
    FROM
        ((book     
    INNER JOIN
        textbook 
            ON book_id = txtbk_book_id
        )     
INNER JOIN
    author 
        ON txtbk_author_id = author_id
    ) 
ORDER BY
book_id,
author_id
17:17:18,998 [DEBUG] {JavaFX Application Thread} TextbookDaoImpl --- 
    SELECT
        book_id,
        title,
        volume,
        edition,
        author_id,
        first_name,
        last_name 
    FROM
        ((book     
    INNER JOIN
        textbook 
            ON book_id = txtbk_book_id
        )     
INNER JOIN
    author 
        ON txtbk_author_id = author_id
    ) 
ORDER BY
book_id,
author_id
17:17:19,104 [DEBUG] {JavaFX Application Thread} AlgorithmDaoImpl --- 
    SELECT
        algorithm_id,
        algorithm,
        complexity,
        paradigm_id,
        paradigm,
        dp.description,
        field_id,
        field,
        fos.description 
    FROM
        ((algorithm     
    INNER JOIN
        design_paradigm as dp 
            ON algo_paradigm_id = paradigm_id
        )     
INNER JOIN
    field_of_study as fos 
        ON algo_field_id = field_id
    )
17:17:19,106 [DEBUG] {JavaFX Application Thread} ParadigmDaoImpl --- 
    SELECT
        * 
    FROM
        design_paradigm
17:17:19,107 [DEBUG] {JavaFX Application Thread} FieldDaoImpl --- 
    SELECT
        * 
    FROM
        field_of_study
17:17:43,597 [DEBUG] {JavaFX Application Thread} ParadigmDaoImpl --- 
    SELECT
        * 
    FROM
        design_paradigm 
    WHERE
        paradigm_id = 1
17:17:43,598 [DEBUG] {JavaFX Application Thread} FieldDaoImpl --- 
    SELECT
        * 
    FROM
        field_of_study 
    WHERE
        field_id = 6
17:17:43,599 [DEBUG] {JavaFX Application Thread} AlgorithmDaoImpl --- 
    SELECT
        algorithm_id,
        algorithm,
        complexity,
        paradigm_id,
        paradigm,
        dp.description,
        field_id,
        field,
        fos.description 
    FROM
        ((algorithm     
    INNER JOIN
        design_paradigm as dp 
            ON algo_paradigm_id = paradigm_id
        )     
INNER JOIN
    field_of_study as fos 
        ON algo_field_id = field_id
    ) 
WHERE
algorithm = 'gdfdfgfd'
17:17:43,599 [ERROR] {JavaFX Application Thread} AlgorithmController --- Catching
app.auxiliary.LogicException: Algorithm with this name is already present
	at app.service.AlgorithmServiceImpl.createAlgorithm(AlgorithmServiceImpl.java:46) ~[classes/:?]
	at app.controller.AlgorithmController.lambda$initialize$2(AlgorithmController.java:263) ~[classes/:?]
	at com.sun.javafx.event.CompositeEventHandler.dispatchBubblingEvent(CompositeEventHandler.java:86) ~[jfxrt.jar:?]
	at com.sun.javafx.event.EventHandlerManager.dispatchBubblingEvent(EventHandlerManager.java:238) ~[jfxrt.jar:?]
	at com.sun.javafx.event.EventHandlerManager.dispatchBubblingEvent(EventHandlerManager.java:191) ~[jfxrt.jar:?]
	at com.sun.javafx.event.CompositeEventDispatcher.dispatchBubblingEvent(CompositeEventDispatcher.java:59) ~[jfxrt.jar:?]
	at com.sun.javafx.event.BasicEventDispatcher.dispatchEvent(BasicEventDispatcher.java:58) ~[jfxrt.jar:?]
	at com.sun.javafx.event.EventDispatchChainImpl.dispatchEvent(EventDispatchChainImpl.java:114) ~[jfxrt.jar:?]
	at com.sun.javafx.event.BasicEventDispatcher.dispatchEvent(BasicEventDispatcher.java:56) ~[jfxrt.jar:?]
	at com.sun.javafx.event.EventDispatchChainImpl.dispatchEvent(EventDispatchChainImpl.java:114) ~[jfxrt.jar:?]
	at com.sun.javafx.event.BasicEventDispatcher.dispatchEvent(BasicEventDispatcher.java:56) ~[jfxrt.jar:?]
	at com.sun.javafx.event.EventDispatchChainImpl.dispatchEvent(EventDispatchChainImpl.java:114) ~[jfxrt.jar:?]
	at com.sun.javafx.event.BasicEventDispatcher.dispatchEvent(BasicEventDispatcher.java:56) ~[jfxrt.jar:?]
	at com.sun.javafx.event.EventDispatchChainImpl.dispatchEvent(EventDispatchChainImpl.java:114) ~[jfxrt.jar:?]
	at com.sun.javafx.event.BasicEventDispatcher.dispatchEvent(BasicEventDispatcher.java:56) ~[jfxrt.jar:?]
	at com.sun.javafx.event.EventDispatchChainImpl.dispatchEvent(EventDispatchChainImpl.java:114) ~[jfxrt.jar:?]
	at com.sun.javafx.event.EventUtil.fireEventImpl(EventUtil.java:74) ~[jfxrt.jar:?]
	at com.sun.javafx.event.EventUtil.fireEvent(EventUtil.java:49) ~[jfxrt.jar:?]
	at javafx.event.Event.fireEvent(Event.java:198) ~[jfxrt.jar:?]
	at javafx.scene.Node.fireEvent(Node.java:8413) ~[jfxrt.jar:?]
	at javafx.scene.control.Button.fire(Button.java:185) ~[jfxrt.jar:?]
	at com.sun.javafx.scene.control.behavior.ButtonBehavior.mouseReleased(ButtonBehavior.java:182) ~[jfxrt.jar:?]
	at com.sun.javafx.scene.control.skin.BehaviorSkinBase$1.handle(BehaviorSkinBase.java:96) ~[jfxrt.jar:?]
	at com.sun.javafx.scene.control.skin.BehaviorSkinBase$1.handle(BehaviorSkinBase.java:89) ~[jfxrt.jar:?]
	at com.sun.javafx.event.CompositeEventHandler$NormalEventHandlerRecord.handleBubblingEvent(CompositeEventHandler.java:218) ~[jfxrt.jar:?]
	at com.sun.javafx.event.CompositeEventHandler.dispatchBubblingEvent(CompositeEventHandler.java:80) ~[jfxrt.jar:?]
	at com.sun.javafx.event.EventHandlerManager.dispatchBubblingEvent(EventHandlerManager.java:238) ~[jfxrt.jar:?]
	at com.sun.javafx.event.EventHandlerManager.dispatchBubblingEvent(EventHandlerManager.java:191) ~[jfxrt.jar:?]
	at com.sun.javafx.event.CompositeEventDispatcher.dispatchBubblingEvent(CompositeEventDispatcher.java:59) ~[jfxrt.jar:?]
	at com.sun.javafx.event.BasicEventDispatcher.dispatchEvent(BasicEventDispatcher.java:58) ~[jfxrt.jar:?]
	at com.sun.javafx.event.EventDispatchChainImpl.dispatchEvent(EventDispatchChainImpl.java:114) ~[jfxrt.jar:?]
	at com.sun.javafx.event.BasicEventDispatcher.dispatchEvent(BasicEventDispatcher.java:56) ~[jfxrt.jar:?]
	at com.sun.javafx.event.EventDispatchChainImpl.dispatchEvent(EventDispatchChainImpl.java:114) ~[jfxrt.jar:?]
	at com.sun.javafx.event.BasicEventDispatcher.dispatchEvent(BasicEventDispatcher.java:56) ~[jfxrt.jar:?]
	at com.sun.javafx.event.EventDispatchChainImpl.dispatchEvent(EventDispatchChainImpl.java:114) ~[jfxrt.jar:?]
	at com.sun.javafx.event.BasicEventDispatcher.dispatchEvent(BasicEventDispatcher.java:56) ~[jfxrt.jar:?]
	at com.sun.javafx.event.EventDispatchChainImpl.dispatchEvent(EventDispatchChainImpl.java:114) ~[jfxrt.jar:?]
	at com.sun.javafx.event.BasicEventDispatcher.dispatchEvent(BasicEventDispatcher.java:56) ~[jfxrt.jar:?]
	at com.sun.javafx.event.EventDispatchChainImpl.dispatchEvent(EventDispatchChainImpl.java:114) ~[jfxrt.jar:?]
	at com.sun.javafx.event.EventUtil.fireEventImpl(EventUtil.java:74) ~[jfxrt.jar:?]
	at com.sun.javafx.event.EventUtil.fireEvent(EventUtil.java:54) ~[jfxrt.jar:?]
	at javafx.event.Event.fireEvent(Event.java:198) ~[jfxrt.jar:?]
	at javafx.scene.Scene$MouseHandler.process(Scene.java:3757) ~[jfxrt.jar:?]
	at javafx.scene.Scene$MouseHandler.access$1500(Scene.java:3485) ~[jfxrt.jar:?]
	at javafx.scene.Scene.impl_processMouseEvent(Scene.java:1762) ~[jfxrt.jar:?]
	at javafx.scene.Scene$ScenePeerListener.mouseEvent(Scene.java:2494) ~[jfxrt.jar:?]
	at com.sun.javafx.tk.quantum.GlassViewEventHandler$MouseEventNotification.run(GlassViewEventHandler.java:381) ~[jfxrt.jar:?]
	at com.sun.javafx.tk.quantum.GlassViewEventHandler$MouseEventNotification.run(GlassViewEventHandler.java:295) ~[jfxrt.jar:?]
	at java.security.AccessController.doPrivileged(Native Method) ~[?:1.8.0_151]
	at com.sun.javafx.tk.quantum.GlassViewEventHandler.lambda$handleMouseEvent$353(GlassViewEventHandler.java:417) ~[jfxrt.jar:?]
	at com.sun.javafx.tk.quantum.QuantumToolkit.runWithoutRenderLock(QuantumToolkit.java:389) ~[jfxrt.jar:?]
	at com.sun.javafx.tk.quantum.GlassViewEventHandler.handleMouseEvent(GlassViewEventHandler.java:416) ~[jfxrt.jar:?]
	at com.sun.glass.ui.View.handleMouseEvent(View.java:555) ~[jfxrt.jar:?]
	at com.sun.glass.ui.View.notifyMouse(View.java:937) ~[jfxrt.jar:?]
	at com.sun.glass.ui.win.WinApplication._runLoop(Native Method) ~[jfxrt.jar:?]
	at com.sun.glass.ui.win.WinApplication.lambda$null$147(WinApplication.java:177) ~[jfxrt.jar:?]
	at java.lang.Thread.run(Thread.java:748) [?:1.8.0_151]
17:19:09,445 [DEBUG] {JavaFX Application Thread} TextbookDaoImpl --- 
    SELECT
        book_id,
        title,
        volume,
        edition,
        author_id,
        first_name,
        last_name 
    FROM
        ((book     
    INNER JOIN
        textbook 
            ON book_id = txtbk_book_id
        )     
INNER JOIN
    author 
        ON txtbk_author_id = author_id
    ) 
ORDER BY
book_id,
author_id
17:19:09,540 [DEBUG] {JavaFX Application Thread} AlgorithmDaoImpl --- 
    SELECT
        algorithm_id,
        algorithm,
        complexity,
        paradigm_id,
        paradigm,
        dp.description,
        field_id,
        field,
        fos.description 
    FROM
        ((algorithm     
    INNER JOIN
        design_paradigm as dp 
            ON algo_paradigm_id = paradigm_id
        )     
INNER JOIN
    field_of_study as fos 
        ON algo_field_id = field_id
    )
17:19:09,542 [DEBUG] {JavaFX Application Thread} ParadigmDaoImpl --- 
    SELECT
        * 
    FROM
        design_paradigm
17:19:09,542 [DEBUG] {JavaFX Application Thread} FieldDaoImpl --- 
    SELECT
        * 
    FROM
        field_of_study
17:19:21,129 [DEBUG] {JavaFX Application Thread} ParadigmDaoImpl --- 
    SELECT
        * 
    FROM
        design_paradigm 
    WHERE
        paradigm_id = 2
17:19:21,131 [DEBUG] {JavaFX Application Thread} FieldDaoImpl --- 
    SELECT
        * 
    FROM
        field_of_study 
    WHERE
        field_id = 10
17:19:21,132 [DEBUG] {JavaFX Application Thread} AlgorithmDaoImpl --- 
    SELECT
        algorithm_id,
        algorithm,
        complexity,
        paradigm_id,
        paradigm,
        dp.description,
        field_id,
        field,
        fos.description 
    FROM
        ((algorithm     
    INNER JOIN
        design_paradigm as dp 
            ON algo_paradigm_id = paradigm_id
        )     
INNER JOIN
    field_of_study as fos 
        ON algo_field_id = field_id
    ) 
WHERE
algorithm = 'dsbshdbdsjsd'
17:19:21,134 [DEBUG] {JavaFX Application Thread} AlgorithmDaoImpl --- 
    INSERT 
    INTO
        algorithm
        (algorithm, complexity, algo_paradigm_id, algo_field_id) VALUE ('dsbshdbdsjsd', 'sdbsdhsdbjsd', 2, 10)
17:21:51,256 [DEBUG] {JavaFX Application Thread} TextbookDaoImpl --- 
    SELECT
        book_id,
        title,
        volume,
        edition,
        author_id,
        first_name,
        last_name 
    FROM
        ((book     
    INNER JOIN
        textbook 
            ON book_id = txtbk_book_id
        )     
INNER JOIN
    author 
        ON txtbk_author_id = author_id
    ) 
ORDER BY
book_id,
author_id
17:21:51,370 [DEBUG] {JavaFX Application Thread} AlgorithmDaoImpl --- 
    SELECT
        algorithm_id,
        algorithm,
        complexity,
        paradigm_id,
        paradigm,
        dp.description,
        field_id,
        field,
        fos.description 
    FROM
        ((algorithm     
    INNER JOIN
        design_paradigm as dp 
            ON algo_paradigm_id = paradigm_id
        )     
INNER JOIN
    field_of_study as fos 
        ON algo_field_id = field_id
    )
17:21:51,371 [DEBUG] {JavaFX Application Thread} ParadigmDaoImpl --- 
    SELECT
        * 
    FROM
        design_paradigm
17:21:51,372 [DEBUG] {JavaFX Application Thread} FieldDaoImpl --- 
    SELECT
        * 
    FROM
        field_of_study
17:22:06,011 [DEBUG] {JavaFX Application Thread} ParadigmDaoImpl --- 
    SELECT
        * 
    FROM
        design_paradigm 
    WHERE
        paradigm_id = 2
17:22:06,012 [DEBUG] {JavaFX Application Thread} FieldDaoImpl --- 
    SELECT
        * 
    FROM
        field_of_study 
    WHERE
        field_id = 8
17:22:06,013 [DEBUG] {JavaFX Application Thread} AlgorithmDaoImpl --- 
    SELECT
        algorithm_id,
        algorithm,
        complexity,
        paradigm_id,
        paradigm,
        dp.description,
        field_id,
        field,
        fos.description 
    FROM
        ((algorithm     
    INNER JOIN
        design_paradigm as dp 
            ON algo_paradigm_id = paradigm_id
        )     
INNER JOIN
    field_of_study as fos 
        ON algo_field_id = field_id
    ) 
WHERE
algorithm = 'fgfdgfd'
17:22:06,013 [DEBUG] {JavaFX Application Thread} AlgorithmDaoImpl --- 
    INSERT 
    INTO
        algorithm
        (algorithm, complexity, algo_paradigm_id, algo_field_id) VALUE ('fgfdgfd', 'dfgfdfg', 2, 8)
17:22:32,615 [DEBUG] {JavaFX Application Thread} AlgorithmDaoImpl --- 
    DELETE 
    FROM
        algorithm 
    WHERE
        algorithm_id = 26
17:22:35,947 [DEBUG] {JavaFX Application Thread} AlgorithmDaoImpl --- 
    DELETE 
    FROM
        algorithm 
    WHERE
        algorithm_id = 25
17:27:43,457 [DEBUG] {JavaFX Application Thread} TextbookDaoImpl --- 
    SELECT
        book_id,
        title,
        volume,
        edition,
        author_id,
        first_name,
        last_name 
    FROM
        ((book     
    INNER JOIN
        textbook 
            ON book_id = txtbk_book_id
        )     
INNER JOIN
    author 
        ON txtbk_author_id = author_id
    ) 
ORDER BY
book_id,
author_id
17:27:43,557 [DEBUG] {JavaFX Application Thread} AlgorithmDaoImpl --- 
    SELECT
        algorithm_id,
        algorithm,
        complexity,
        paradigm_id,
        paradigm,
        dp.description,
        field_id,
        field,
        fos.description 
    FROM
        ((algorithm     
    INNER JOIN
        design_paradigm as dp 
            ON algo_paradigm_id = paradigm_id
        )     
INNER JOIN
    field_of_study as fos 
        ON algo_field_id = field_id
    )
17:27:43,559 [DEBUG] {JavaFX Application Thread} ParadigmDaoImpl --- 
    SELECT
        * 
    FROM
        design_paradigm
17:27:43,560 [DEBUG] {JavaFX Application Thread} FieldDaoImpl --- 
    SELECT
        * 
    FROM
        field_of_study
17:33:45,243 [DEBUG] {JavaFX Application Thread} TextbookDaoImpl --- 
    SELECT
        book_id,
        title,
        volume,
        edition,
        author_id,
        first_name,
        last_name 
    FROM
        ((book     
    INNER JOIN
        textbook 
            ON book_id = txtbk_book_id
        )     
INNER JOIN
    author 
        ON txtbk_author_id = author_id
    ) 
ORDER BY
book_id,
author_id
17:33:45,339 [DEBUG] {JavaFX Application Thread} AlgorithmDaoImpl --- 
    SELECT
        algorithm_id,
        algorithm,
        complexity,
        paradigm_id,
        paradigm,
        dp.description,
        field_id,
        field,
        fos.description 
    FROM
        ((algorithm     
    INNER JOIN
        design_paradigm as dp 
            ON algo_paradigm_id = paradigm_id
        )     
INNER JOIN
    field_of_study as fos 
        ON algo_field_id = field_id
    )
17:33:45,340 [DEBUG] {JavaFX Application Thread} ParadigmDaoImpl --- 
    SELECT
        * 
    FROM
        design_paradigm
17:33:45,341 [DEBUG] {JavaFX Application Thread} FieldDaoImpl --- 
    SELECT
        * 
    FROM
        field_of_study
19:14:58,661 [DEBUG] {JavaFX Application Thread} TextbookDaoImpl --- 
    SELECT
        book_id,
        title,
        volume,
        edition,
        author_id,
        first_name,
        last_name 
    FROM
        ((book     
    INNER JOIN
        textbook 
            ON book_id = txtbk_book_id
        )     
INNER JOIN
    author 
        ON txtbk_author_id = author_id
    ) 
ORDER BY
book_id,
author_id
19:14:58,669 [DEBUG] {JavaFX Application Thread} AlgorithmDaoImpl --- 
    SELECT
        algorithm_id,
        algorithm,
        complexity,
        paradigm_id,
        paradigm,
        dp.description,
        field_id,
        field,
        fos.description 
    FROM
        ((algorithm     
    INNER JOIN
        design_paradigm as dp 
            ON algo_paradigm_id = paradigm_id
        )     
INNER JOIN
    field_of_study as fos 
        ON algo_field_id = field_id
    )
19:14:58,671 [DEBUG] {JavaFX Application Thread} ParadigmDaoImpl --- 
    SELECT
        * 
    FROM
        design_paradigm
19:14:58,672 [DEBUG] {JavaFX Application Thread} FieldDaoImpl --- 
    SELECT
        * 
    FROM
        field_of_study
19:15:27,032 [DEBUG] {JavaFX Application Thread} TextbookDaoImpl --- 
    SELECT
        book_id,
        title,
        volume,
        edition,
        author_id,
        first_name,
        last_name 
    FROM
        ((book     
    INNER JOIN
        textbook 
            ON book_id = txtbk_book_id
        )     
INNER JOIN
    author 
        ON txtbk_author_id = author_id
    ) 
ORDER BY
book_id,
author_id
19:15:27,037 [DEBUG] {JavaFX Application Thread} AlgorithmDaoImpl --- 
    SELECT
        algorithm_id,
        algorithm,
        complexity,
        paradigm_id,
        paradigm,
        dp.description,
        field_id,
        field,
        fos.description 
    FROM
        ((algorithm     
    INNER JOIN
        design_paradigm as dp 
            ON algo_paradigm_id = paradigm_id
        )     
INNER JOIN
    field_of_study as fos 
        ON algo_field_id = field_id
    )
19:15:27,039 [DEBUG] {JavaFX Application Thread} ParadigmDaoImpl --- 
    SELECT
        * 
    FROM
        design_paradigm
19:15:27,039 [DEBUG] {JavaFX Application Thread} FieldDaoImpl --- 
    SELECT
        * 
    FROM
        field_of_study
19:39:47,655 [DEBUG] {JavaFX Application Thread} TextbookDaoImpl --- 
    SELECT
        book_id,
        title,
        volume,
        edition,
        author_id,
        first_name,
        last_name 
    FROM
        ((book     
    INNER JOIN
        textbook 
            ON book_id = txtbk_book_id
        )     
INNER JOIN
    author 
        ON txtbk_author_id = author_id
    ) 
ORDER BY
book_id,
author_id
19:39:47,660 [DEBUG] {JavaFX Application Thread} AlgorithmDaoImpl --- 
    SELECT
        algorithm_id,
        algorithm,
        complexity,
        paradigm_id,
        paradigm,
        dp.description,
        field_id,
        field,
        fos.description 
    FROM
        ((algorithm     
    INNER JOIN
        design_paradigm as dp 
            ON algo_paradigm_id = paradigm_id
        )     
INNER JOIN
    field_of_study as fos 
        ON algo_field_id = field_id
    )
19:39:47,662 [DEBUG] {JavaFX Application Thread} ParadigmDaoImpl --- 
    SELECT
        * 
    FROM
        design_paradigm
19:39:47,662 [DEBUG] {JavaFX Application Thread} FieldDaoImpl --- 
    SELECT
        * 
    FROM
        field_of_study
19:41:59,240 [DEBUG] {JavaFX Application Thread} TextbookDaoImpl --- 
    SELECT
        book_id,
        title,
        volume,
        edition,
        author_id,
        first_name,
        last_name 
    FROM
        ((book     
    INNER JOIN
        textbook 
            ON book_id = txtbk_book_id
        )     
INNER JOIN
    author 
        ON txtbk_author_id = author_id
    ) 
ORDER BY
book_id,
author_id
19:41:59,248 [DEBUG] {JavaFX Application Thread} AlgorithmDaoImpl --- 
    SELECT
        algorithm_id,
        algorithm,
        complexity,
        paradigm_id,
        paradigm,
        dp.description,
        field_id,
        field,
        fos.description 
    FROM
        ((algorithm     
    INNER JOIN
        design_paradigm as dp 
            ON algo_paradigm_id = paradigm_id
        )     
INNER JOIN
    field_of_study as fos 
        ON algo_field_id = field_id
    )
19:41:59,249 [DEBUG] {JavaFX Application Thread} ParadigmDaoImpl --- 
    SELECT
        * 
    FROM
        design_paradigm
19:41:59,249 [DEBUG] {JavaFX Application Thread} FieldDaoImpl --- 
    SELECT
        * 
    FROM
        field_of_study
20:00:09,093 [DEBUG] {JavaFX Application Thread} TextbookDaoImpl --- 
    SELECT
        book_id,
        title,
        volume,
        edition,
        author_id,
        first_name,
        last_name 
    FROM
        ((book     
    INNER JOIN
        textbook 
            ON book_id = txtbk_book_id
        )     
INNER JOIN
    author 
        ON txtbk_author_id = author_id
    ) 
ORDER BY
book_id,
author_id
20:00:09,098 [DEBUG] {JavaFX Application Thread} AlgorithmDaoImpl --- 
    SELECT
        algorithm_id,
        algorithm,
        complexity,
        paradigm_id,
        paradigm,
        dp.description,
        field_id,
        field,
        fos.description 
    FROM
        ((algorithm     
    INNER JOIN
        design_paradigm as dp 
            ON algo_paradigm_id = paradigm_id
        )     
INNER JOIN
    field_of_study as fos 
        ON algo_field_id = field_id
    )
20:00:09,100 [DEBUG] {JavaFX Application Thread} ParadigmDaoImpl --- 
    SELECT
        * 
    FROM
        design_paradigm
20:00:09,100 [DEBUG] {JavaFX Application Thread} FieldDaoImpl --- 
    SELECT
        * 
    FROM
        field_of_study
20:00:16,612 [DEBUG] {JavaFX Application Thread} AlgorithmDaoImpl --- UPDATE algorithm SET complexity = 'O(lg(n))))' WHERE algorithm_id = 8
20:00:20,855 [DEBUG] {JavaFX Application Thread} AlgorithmDaoImpl --- UPDATE algorithm SET complexity = 'O(lg(n))' WHERE algorithm_id = 8
20:00:23,422 [DEBUG] {JavaFX Application Thread} AlgorithmDaoImpl --- 
    SELECT
        algorithm_id,
        algorithm,
        complexity,
        paradigm_id,
        paradigm,
        dp.description,
        field_id,
        field,
        fos.description 
    FROM
        ((algorithm     
    INNER JOIN
        design_paradigm as dp 
            ON algo_paradigm_id = paradigm_id
        )     
INNER JOIN
    field_of_study as fos 
        ON algo_field_id = field_id
    )
20:00:28,855 [DEBUG] {JavaFX Application Thread} AlgorithmDaoImpl --- 
    SELECT
        algorithm_id,
        algorithm,
        complexity,
        paradigm_id,
        paradigm,
        dp.description,
        field_id,
        field,
        fos.description 
    FROM
        ((algorithm     
    INNER JOIN
        design_paradigm as dp 
            ON algo_paradigm_id = paradigm_id
        )     
INNER JOIN
    field_of_study as fos 
        ON algo_field_id = field_id
    ) 
WHERE
1 = 1 
AND algorithm LIKE '%n%'
20:10:36,246 [DEBUG] {JavaFX Application Thread} TextbookDaoImpl --- 
    SELECT
        book_id,
        title,
        volume,
        edition,
        author_id,
        first_name,
        last_name 
    FROM
        ((book     
    INNER JOIN
        textbook 
            ON book_id = txtbk_book_id
        )     
INNER JOIN
    author 
        ON txtbk_author_id = author_id
    ) 
ORDER BY
book_id,
author_id
20:10:36,252 [DEBUG] {JavaFX Application Thread} AlgorithmDaoImpl --- 
    SELECT
        algorithm_id,
        algorithm,
        complexity,
        paradigm_id,
        paradigm,
        dp.description,
        field_id,
        field,
        fos.description 
    FROM
        ((algorithm     
    INNER JOIN
        design_paradigm as dp 
            ON algo_paradigm_id = paradigm_id
        )     
INNER JOIN
    field_of_study as fos 
        ON algo_field_id = field_id
    )
20:10:36,253 [DEBUG] {JavaFX Application Thread} ParadigmDaoImpl --- 
    SELECT
        * 
    FROM
        design_paradigm
20:10:36,254 [DEBUG] {JavaFX Application Thread} FieldDaoImpl --- 
    SELECT
        * 
    FROM
        field_of_study
20:12:48,130 [DEBUG] {JavaFX Application Thread} TextbookDaoImpl --- 
    SELECT
        book_id,
        title,
        volume,
        edition,
        author_id,
        first_name,
        last_name 
    FROM
        ((book     
    INNER JOIN
        textbook 
            ON book_id = txtbk_book_id
        )     
INNER JOIN
    author 
        ON txtbk_author_id = author_id
    ) 
ORDER BY
book_id,
author_id
20:12:48,138 [DEBUG] {JavaFX Application Thread} AlgorithmDaoImpl --- 
    SELECT
        algorithm_id,
        algorithm,
        complexity,
        paradigm_id,
        paradigm,
        dp.description,
        field_id,
        field,
        fos.description 
    FROM
        ((algorithm     
    INNER JOIN
        design_paradigm as dp 
            ON algo_paradigm_id = paradigm_id
        )     
INNER JOIN
    field_of_study as fos 
        ON algo_field_id = field_id
    )
20:12:48,140 [DEBUG] {JavaFX Application Thread} ParadigmDaoImpl --- 
    SELECT
        * 
    FROM
        design_paradigm
20:12:48,141 [DEBUG] {JavaFX Application Thread} FieldDaoImpl --- 
    SELECT
        * 
    FROM
        field_of_study
20:12:50,183 [DEBUG] {JavaFX Application Thread} TextbookDaoImpl --- 
    SELECT
        book_id,
        title,
        volume,
        edition,
        author_id,
        first_name,
        last_name 
    FROM
        ((book     
    INNER JOIN
        textbook 
            ON book_id = txtbk_book_id
        )     
INNER JOIN
    author 
        ON txtbk_author_id = author_id
    ) 
ORDER BY
book_id,
author_id
20:12:50,188 [DEBUG] {JavaFX Application Thread} AlgorithmDaoImpl --- 
    SELECT
        algorithm_id,
        algorithm,
        complexity,
        paradigm_id,
        paradigm,
        dp.description,
        field_id,
        field,
        fos.description 
    FROM
        ((algorithm     
    INNER JOIN
        design_paradigm as dp 
            ON algo_paradigm_id = paradigm_id
        )     
INNER JOIN
    field_of_study as fos 
        ON algo_field_id = field_id
    )
20:12:50,190 [DEBUG] {JavaFX Application Thread} ParadigmDaoImpl --- 
    SELECT
        * 
    FROM
        design_paradigm
20:12:50,190 [DEBUG] {JavaFX Application Thread} FieldDaoImpl --- 
    SELECT
        * 
    FROM
        field_of_study
20:13:17,335 [DEBUG] {JavaFX Application Thread} TextbookDaoImpl --- 
    SELECT
        book_id,
        title,
        volume,
        edition,
        author_id,
        first_name,
        last_name 
    FROM
        ((book     
    INNER JOIN
        textbook 
            ON book_id = txtbk_book_id
        )     
INNER JOIN
    author 
        ON txtbk_author_id = author_id
    ) 
ORDER BY
book_id,
author_id
20:13:17,340 [DEBUG] {JavaFX Application Thread} AlgorithmDaoImpl --- 
    SELECT
        algorithm_id,
        algorithm,
        complexity,
        paradigm_id,
        paradigm,
        dp.description,
        field_id,
        field,
        fos.description 
    FROM
        ((algorithm     
    INNER JOIN
        design_paradigm as dp 
            ON algo_paradigm_id = paradigm_id
        )     
INNER JOIN
    field_of_study as fos 
        ON algo_field_id = field_id
    )
20:13:17,341 [DEBUG] {JavaFX Application Thread} ParadigmDaoImpl --- 
    SELECT
        * 
    FROM
        design_paradigm
20:13:17,342 [DEBUG] {JavaFX Application Thread} FieldDaoImpl --- 
    SELECT
        * 
    FROM
        field_of_study
20:13:23,350 [WARN] {JavaFX Application Thread} TextbookController --- Throwing
app.auxiliary.InputException: Authors' list doesn't match the pattern
	at app.controller.TextbookController.authorsFromStr(TextbookController.java:263) ~[classes/:?]
	at app.controller.TextbookController.lambda$initialize$0(TextbookController.java:86) ~[classes/:?]
	at com.sun.javafx.event.CompositeEventHandler.dispatchBubblingEvent(CompositeEventHandler.java:86) ~[jfxrt.jar:?]
	at com.sun.javafx.event.EventHandlerManager.dispatchBubblingEvent(EventHandlerManager.java:238) ~[jfxrt.jar:?]
	at com.sun.javafx.event.EventHandlerManager.dispatchBubblingEvent(EventHandlerManager.java:191) ~[jfxrt.jar:?]
	at com.sun.javafx.event.CompositeEventDispatcher.dispatchBubblingEvent(CompositeEventDispatcher.java:59) ~[jfxrt.jar:?]
	at com.sun.javafx.event.BasicEventDispatcher.dispatchEvent(BasicEventDispatcher.java:58) ~[jfxrt.jar:?]
	at com.sun.javafx.event.EventDispatchChainImpl.dispatchEvent(EventDispatchChainImpl.java:114) ~[jfxrt.jar:?]
	at com.sun.javafx.event.BasicEventDispatcher.dispatchEvent(BasicEventDispatcher.java:56) ~[jfxrt.jar:?]
	at com.sun.javafx.event.EventDispatchChainImpl.dispatchEvent(EventDispatchChainImpl.java:114) ~[jfxrt.jar:?]
	at com.sun.javafx.event.BasicEventDispatcher.dispatchEvent(BasicEventDispatcher.java:56) ~[jfxrt.jar:?]
	at com.sun.javafx.event.EventDispatchChainImpl.dispatchEvent(EventDispatchChainImpl.java:114) ~[jfxrt.jar:?]
	at com.sun.javafx.event.BasicEventDispatcher.dispatchEvent(BasicEventDispatcher.java:56) ~[jfxrt.jar:?]
	at com.sun.javafx.event.EventDispatchChainImpl.dispatchEvent(EventDispatchChainImpl.java:114) ~[jfxrt.jar:?]
	at com.sun.javafx.event.BasicEventDispatcher.dispatchEvent(BasicEventDispatcher.java:56) ~[jfxrt.jar:?]
	at com.sun.javafx.event.EventDispatchChainImpl.dispatchEvent(EventDispatchChainImpl.java:114) ~[jfxrt.jar:?]
	at com.sun.javafx.event.EventUtil.fireEventImpl(EventUtil.java:74) ~[jfxrt.jar:?]
	at com.sun.javafx.event.EventUtil.fireEvent(EventUtil.java:49) ~[jfxrt.jar:?]
	at javafx.event.Event.fireEvent(Event.java:198) ~[jfxrt.jar:?]
	at javafx.scene.Node.fireEvent(Node.java:8413) ~[jfxrt.jar:?]
	at javafx.scene.control.Button.fire(Button.java:185) ~[jfxrt.jar:?]
	at com.sun.javafx.scene.control.behavior.ButtonBehavior.mouseReleased(ButtonBehavior.java:182) ~[jfxrt.jar:?]
	at com.sun.javafx.scene.control.skin.BehaviorSkinBase$1.handle(BehaviorSkinBase.java:96) ~[jfxrt.jar:?]
	at com.sun.javafx.scene.control.skin.BehaviorSkinBase$1.handle(BehaviorSkinBase.java:89) ~[jfxrt.jar:?]
	at com.sun.javafx.event.CompositeEventHandler$NormalEventHandlerRecord.handleBubblingEvent(CompositeEventHandler.java:218) ~[jfxrt.jar:?]
	at com.sun.javafx.event.CompositeEventHandler.dispatchBubblingEvent(CompositeEventHandler.java:80) ~[jfxrt.jar:?]
	at com.sun.javafx.event.EventHandlerManager.dispatchBubblingEvent(EventHandlerManager.java:238) ~[jfxrt.jar:?]
	at com.sun.javafx.event.EventHandlerManager.dispatchBubblingEvent(EventHandlerManager.java:191) ~[jfxrt.jar:?]
	at com.sun.javafx.event.CompositeEventDispatcher.dispatchBubblingEvent(CompositeEventDispatcher.java:59) ~[jfxrt.jar:?]
	at com.sun.javafx.event.BasicEventDispatcher.dispatchEvent(BasicEventDispatcher.java:58) ~[jfxrt.jar:?]
	at com.sun.javafx.event.EventDispatchChainImpl.dispatchEvent(EventDispatchChainImpl.java:114) ~[jfxrt.jar:?]
	at com.sun.javafx.event.BasicEventDispatcher.dispatchEvent(BasicEventDispatcher.java:56) ~[jfxrt.jar:?]
	at com.sun.javafx.event.EventDispatchChainImpl.dispatchEvent(EventDispatchChainImpl.java:114) ~[jfxrt.jar:?]
	at com.sun.javafx.event.BasicEventDispatcher.dispatchEvent(BasicEventDispatcher.java:56) ~[jfxrt.jar:?]
	at com.sun.javafx.event.EventDispatchChainImpl.dispatchEvent(EventDispatchChainImpl.java:114) ~[jfxrt.jar:?]
	at com.sun.javafx.event.BasicEventDispatcher.dispatchEvent(BasicEventDispatcher.java:56) ~[jfxrt.jar:?]
	at com.sun.javafx.event.EventDispatchChainImpl.dispatchEvent(EventDispatchChainImpl.java:114) ~[jfxrt.jar:?]
	at com.sun.javafx.event.BasicEventDispatcher.dispatchEvent(BasicEventDispatcher.java:56) ~[jfxrt.jar:?]
	at com.sun.javafx.event.EventDispatchChainImpl.dispatchEvent(EventDispatchChainImpl.java:114) ~[jfxrt.jar:?]
	at com.sun.javafx.event.EventUtil.fireEventImpl(EventUtil.java:74) ~[jfxrt.jar:?]
	at com.sun.javafx.event.EventUtil.fireEvent(EventUtil.java:54) ~[jfxrt.jar:?]
	at javafx.event.Event.fireEvent(Event.java:198) ~[jfxrt.jar:?]
	at javafx.scene.Scene$MouseHandler.process(Scene.java:3757) ~[jfxrt.jar:?]
	at javafx.scene.Scene$MouseHandler.access$1500(Scene.java:3485) ~[jfxrt.jar:?]
	at javafx.scene.Scene.impl_processMouseEvent(Scene.java:1762) ~[jfxrt.jar:?]
	at javafx.scene.Scene$ScenePeerListener.mouseEvent(Scene.java:2494) ~[jfxrt.jar:?]
	at com.sun.javafx.tk.quantum.GlassViewEventHandler$MouseEventNotification.run(GlassViewEventHandler.java:381) ~[jfxrt.jar:?]
	at com.sun.javafx.tk.quantum.GlassViewEventHandler$MouseEventNotification.run(GlassViewEventHandler.java:295) ~[jfxrt.jar:?]
	at java.security.AccessController.doPrivileged(Native Method) ~[?:1.8.0_151]
	at com.sun.javafx.tk.quantum.GlassViewEventHandler.lambda$handleMouseEvent$353(GlassViewEventHandler.java:417) ~[jfxrt.jar:?]
	at com.sun.javafx.tk.quantum.QuantumToolkit.runWithoutRenderLock(QuantumToolkit.java:389) ~[jfxrt.jar:?]
	at com.sun.javafx.tk.quantum.GlassViewEventHandler.handleMouseEvent(GlassViewEventHandler.java:416) ~[jfxrt.jar:?]
	at com.sun.glass.ui.View.handleMouseEvent(View.java:555) ~[jfxrt.jar:?]
	at com.sun.glass.ui.View.notifyMouse(View.java:937) ~[jfxrt.jar:?]
	at com.sun.glass.ui.win.WinApplication._runLoop(Native Method) ~[jfxrt.jar:?]
	at com.sun.glass.ui.win.WinApplication.lambda$null$147(WinApplication.java:177) ~[jfxrt.jar:?]
	at java.lang.Thread.run(Thread.java:748) [?:1.8.0_151]
20:13:23,362 [WARN] {JavaFX Application Thread} TextbookController --- Catching
app.auxiliary.InputException: Authors' list doesn't match the pattern
	at app.controller.TextbookController.authorsFromStr(TextbookController.java:263) ~[classes/:?]
	at app.controller.TextbookController.lambda$initialize$0(TextbookController.java:86) ~[classes/:?]
	at com.sun.javafx.event.CompositeEventHandler.dispatchBubblingEvent(CompositeEventHandler.java:86) ~[jfxrt.jar:?]
	at com.sun.javafx.event.EventHandlerManager.dispatchBubblingEvent(EventHandlerManager.java:238) ~[jfxrt.jar:?]
	at com.sun.javafx.event.EventHandlerManager.dispatchBubblingEvent(EventHandlerManager.java:191) ~[jfxrt.jar:?]
	at com.sun.javafx.event.CompositeEventDispatcher.dispatchBubblingEvent(CompositeEventDispatcher.java:59) ~[jfxrt.jar:?]
	at com.sun.javafx.event.BasicEventDispatcher.dispatchEvent(BasicEventDispatcher.java:58) ~[jfxrt.jar:?]
	at com.sun.javafx.event.EventDispatchChainImpl.dispatchEvent(EventDispatchChainImpl.java:114) ~[jfxrt.jar:?]
	at com.sun.javafx.event.BasicEventDispatcher.dispatchEvent(BasicEventDispatcher.java:56) ~[jfxrt.jar:?]
	at com.sun.javafx.event.EventDispatchChainImpl.dispatchEvent(EventDispatchChainImpl.java:114) ~[jfxrt.jar:?]
	at com.sun.javafx.event.BasicEventDispatcher.dispatchEvent(BasicEventDispatcher.java:56) ~[jfxrt.jar:?]
	at com.sun.javafx.event.EventDispatchChainImpl.dispatchEvent(EventDispatchChainImpl.java:114) ~[jfxrt.jar:?]
	at com.sun.javafx.event.BasicEventDispatcher.dispatchEvent(BasicEventDispatcher.java:56) ~[jfxrt.jar:?]
	at com.sun.javafx.event.EventDispatchChainImpl.dispatchEvent(EventDispatchChainImpl.java:114) ~[jfxrt.jar:?]
	at com.sun.javafx.event.BasicEventDispatcher.dispatchEvent(BasicEventDispatcher.java:56) ~[jfxrt.jar:?]
	at com.sun.javafx.event.EventDispatchChainImpl.dispatchEvent(EventDispatchChainImpl.java:114) ~[jfxrt.jar:?]
	at com.sun.javafx.event.EventUtil.fireEventImpl(EventUtil.java:74) ~[jfxrt.jar:?]
	at com.sun.javafx.event.EventUtil.fireEvent(EventUtil.java:49) ~[jfxrt.jar:?]
	at javafx.event.Event.fireEvent(Event.java:198) ~[jfxrt.jar:?]
	at javafx.scene.Node.fireEvent(Node.java:8413) ~[jfxrt.jar:?]
	at javafx.scene.control.Button.fire(Button.java:185) ~[jfxrt.jar:?]
	at com.sun.javafx.scene.control.behavior.ButtonBehavior.mouseReleased(ButtonBehavior.java:182) ~[jfxrt.jar:?]
	at com.sun.javafx.scene.control.skin.BehaviorSkinBase$1.handle(BehaviorSkinBase.java:96) ~[jfxrt.jar:?]
	at com.sun.javafx.scene.control.skin.BehaviorSkinBase$1.handle(BehaviorSkinBase.java:89) ~[jfxrt.jar:?]
	at com.sun.javafx.event.CompositeEventHandler$NormalEventHandlerRecord.handleBubblingEvent(CompositeEventHandler.java:218) ~[jfxrt.jar:?]
	at com.sun.javafx.event.CompositeEventHandler.dispatchBubblingEvent(CompositeEventHandler.java:80) ~[jfxrt.jar:?]
	at com.sun.javafx.event.EventHandlerManager.dispatchBubblingEvent(EventHandlerManager.java:238) ~[jfxrt.jar:?]
	at com.sun.javafx.event.EventHandlerManager.dispatchBubblingEvent(EventHandlerManager.java:191) ~[jfxrt.jar:?]
	at com.sun.javafx.event.CompositeEventDispatcher.dispatchBubblingEvent(CompositeEventDispatcher.java:59) ~[jfxrt.jar:?]
	at com.sun.javafx.event.BasicEventDispatcher.dispatchEvent(BasicEventDispatcher.java:58) ~[jfxrt.jar:?]
	at com.sun.javafx.event.EventDispatchChainImpl.dispatchEvent(EventDispatchChainImpl.java:114) ~[jfxrt.jar:?]
	at com.sun.javafx.event.BasicEventDispatcher.dispatchEvent(BasicEventDispatcher.java:56) ~[jfxrt.jar:?]
	at com.sun.javafx.event.EventDispatchChainImpl.dispatchEvent(EventDispatchChainImpl.java:114) ~[jfxrt.jar:?]
	at com.sun.javafx.event.BasicEventDispatcher.dispatchEvent(BasicEventDispatcher.java:56) ~[jfxrt.jar:?]
	at com.sun.javafx.event.EventDispatchChainImpl.dispatchEvent(EventDispatchChainImpl.java:114) ~[jfxrt.jar:?]
	at com.sun.javafx.event.BasicEventDispatcher.dispatchEvent(BasicEventDispatcher.java:56) ~[jfxrt.jar:?]
	at com.sun.javafx.event.EventDispatchChainImpl.dispatchEvent(EventDispatchChainImpl.java:114) ~[jfxrt.jar:?]
	at com.sun.javafx.event.BasicEventDispatcher.dispatchEvent(BasicEventDispatcher.java:56) ~[jfxrt.jar:?]
	at com.sun.javafx.event.EventDispatchChainImpl.dispatchEvent(EventDispatchChainImpl.java:114) ~[jfxrt.jar:?]
	at com.sun.javafx.event.EventUtil.fireEventImpl(EventUtil.java:74) ~[jfxrt.jar:?]
	at com.sun.javafx.event.EventUtil.fireEvent(EventUtil.java:54) ~[jfxrt.jar:?]
	at javafx.event.Event.fireEvent(Event.java:198) ~[jfxrt.jar:?]
	at javafx.scene.Scene$MouseHandler.process(Scene.java:3757) ~[jfxrt.jar:?]
	at javafx.scene.Scene$MouseHandler.access$1500(Scene.java:3485) ~[jfxrt.jar:?]
	at javafx.scene.Scene.impl_processMouseEvent(Scene.java:1762) ~[jfxrt.jar:?]
	at javafx.scene.Scene$ScenePeerListener.mouseEvent(Scene.java:2494) ~[jfxrt.jar:?]
	at com.sun.javafx.tk.quantum.GlassViewEventHandler$MouseEventNotification.run(GlassViewEventHandler.java:381) ~[jfxrt.jar:?]
	at com.sun.javafx.tk.quantum.GlassViewEventHandler$MouseEventNotification.run(GlassViewEventHandler.java:295) ~[jfxrt.jar:?]
	at java.security.AccessController.doPrivileged(Native Method) ~[?:1.8.0_151]
	at com.sun.javafx.tk.quantum.GlassViewEventHandler.lambda$handleMouseEvent$353(GlassViewEventHandler.java:417) ~[jfxrt.jar:?]
	at com.sun.javafx.tk.quantum.QuantumToolkit.runWithoutRenderLock(QuantumToolkit.java:389) ~[jfxrt.jar:?]
	at com.sun.javafx.tk.quantum.GlassViewEventHandler.handleMouseEvent(GlassViewEventHandler.java:416) ~[jfxrt.jar:?]
	at com.sun.glass.ui.View.handleMouseEvent(View.java:555) ~[jfxrt.jar:?]
	at com.sun.glass.ui.View.notifyMouse(View.java:937) ~[jfxrt.jar:?]
	at com.sun.glass.ui.win.WinApplication._runLoop(Native Method) ~[jfxrt.jar:?]
	at com.sun.glass.ui.win.WinApplication.lambda$null$147(WinApplication.java:177) ~[jfxrt.jar:?]
	at java.lang.Thread.run(Thread.java:748) [?:1.8.0_151]
20:15:56,689 [DEBUG] {JavaFX Application Thread} TextbookDaoImpl --- 
    SELECT
        book_id,
        title,
        volume,
        edition,
        author_id,
        first_name,
        last_name 
    FROM
        ((book     
    INNER JOIN
        textbook 
            ON book_id = txtbk_book_id
        )     
INNER JOIN
    author 
        ON txtbk_author_id = author_id
    ) 
ORDER BY
book_id,
author_id
20:15:56,694 [DEBUG] {JavaFX Application Thread} AlgorithmDaoImpl --- 
    SELECT
        algorithm_id,
        algorithm,
        complexity,
        paradigm_id,
        paradigm,
        dp.description,
        field_id,
        field,
        fos.description 
    FROM
        ((algorithm     
    INNER JOIN
        design_paradigm as dp 
            ON algo_paradigm_id = paradigm_id
        )     
INNER JOIN
    field_of_study as fos 
        ON algo_field_id = field_id
    )
20:15:56,696 [DEBUG] {JavaFX Application Thread} ParadigmDaoImpl --- 
    SELECT
        * 
    FROM
        design_paradigm
20:15:56,696 [DEBUG] {JavaFX Application Thread} FieldDaoImpl --- 
    SELECT
        * 
    FROM
        field_of_study
20:16:08,015 [DEBUG] {JavaFX Application Thread} TextbookDaoImpl --- 
    SELECT
        b2.book_id,
        b2.title,
        b2.volume,
        b2.edition,
        a2.author_id,
        a2.first_name,
        a2.last_name 
    FROM
        ((SELECT
            b1.book_id,
            b1.title,
            b1.edition,
            b1.volume     
        FROM
            ((author AS a1     
        INNER JOIN
            textbook AS t1 
                ON a1.author_id = t1.txtbk_author_id
            )     
    INNER JOIN
        book AS b1 
            ON t1.txtbk_book_id = b1.book_id
        ) 
WHERE
    1 = 1  
    AND b1.edition = 1) AS b2     
INNER JOIN
textbook AS t2 
    ON b2.book_id = t2.txtbk_book_id
)     
INNER JOIN
author AS a2 
ON a2.author_id = t2.txtbk_author_id     
order by
b2.book_id,
a2.author_id
20:16:10,870 [DEBUG] {JavaFX Application Thread} TextbookDaoImpl --- 
    SELECT
        b2.book_id,
        b2.title,
        b2.volume,
        b2.edition,
        a2.author_id,
        a2.first_name,
        a2.last_name 
    FROM
        ((SELECT
            b1.book_id,
            b1.title,
            b1.edition,
            b1.volume     
        FROM
            ((author AS a1     
        INNER JOIN
            textbook AS t1 
                ON a1.author_id = t1.txtbk_author_id
            )     
    INNER JOIN
        book AS b1 
            ON t1.txtbk_book_id = b1.book_id
        ) 
WHERE
    1 = 1  
    AND b1.edition = 3) AS b2     
INNER JOIN
textbook AS t2 
    ON b2.book_id = t2.txtbk_book_id
)     
INNER JOIN
author AS a2 
ON a2.author_id = t2.txtbk_author_id     
order by
b2.book_id,
a2.author_id
